{"/root/entertainment-exchange/apps/api/dist/apps/api/src/server.js": {"path":"/root/entertainment-exchange/apps/api/dist/apps/api/src/server.js","statementMap":{"0":{"start":{"line":21,"column":15},"end":{"line":21,"column":41}},"1":{"start":{"line":23,"column":4},"end":{"line":23,"column":null}},"2":{"start":{"line":24,"column":4},"end":{"line":39,"column":null}},"3":{"start":{"line":25,"column":22},"end":{"line":25,"column":93}},"4":{"start":{"line":25,"column":78},"end":{"line":25,"column":86}},"5":{"start":{"line":26,"column":8},"end":{"line":38,"column":null}},"6":{"start":{"line":41,"column":4},"end":{"line":41,"column":null}},"7":{"start":{"line":43,"column":4},"end":{"line":43,"column":null}},"8":{"start":{"line":45,"column":4},"end":{"line":45,"column":null}},"9":{"start":{"line":47,"column":4},"end":{"line":47,"column":null}},"10":{"start":{"line":48,"column":4},"end":{"line":48,"column":null}},"11":{"start":{"line":49,"column":4},"end":{"line":49,"column":null}},"12":{"start":{"line":50,"column":4},"end":{"line":50,"column":null}},"13":{"start":{"line":52,"column":4},"end":{"line":59,"column":null}},"14":{"start":{"line":53,"column":24},"end":{"line":53,"column":46}},"15":{"start":{"line":54,"column":8},"end":{"line":55,"column":null}},"16":{"start":{"line":55,"column":12},"end":{"line":55,"column":null}},"17":{"start":{"line":58,"column":8},"end":{"line":58,"column":null}},"18":{"start":{"line":60,"column":4},"end":{"line":60,"column":null}},"19":{"start":{"line":62,"column":4},"end":{"line":62,"column":null}},"20":{"start":{"line":63,"column":4},"end":{"line":63,"column":null}},"21":{"start":{"line":64,"column":4},"end":{"line":64,"column":null}},"22":{"start":{"line":65,"column":4},"end":{"line":65,"column":null}},"23":{"start":{"line":66,"column":4},"end":{"line":66,"column":null}},"24":{"start":{"line":67,"column":4},"end":{"line":67,"column":null}},"25":{"start":{"line":68,"column":4},"end":{"line":68,"column":null}},"26":{"start":{"line":69,"column":4},"end":{"line":69,"column":null}},"27":{"start":{"line":72,"column":15},"end":{"line":72,"column":50}},"28":{"start":{"line":73,"column":0},"end":{"line":96,"column":null}},"29":{"start":{"line":74,"column":4},"end":{"line":95,"column":null}},"30":{"start":{"line":75,"column":21},"end":{"line":75,"column":61}},"31":{"start":{"line":76,"column":23},"end":{"line":76,"column":42}},"32":{"start":{"line":78,"column":8},"end":{"line":78,"column":null}},"33":{"start":{"line":79,"column":8},"end":{"line":79,"column":null}},"34":{"start":{"line":82,"column":12},"end":{"line":82,"column":null}},"35":{"start":{"line":83,"column":12},"end":{"line":91,"column":null}},"36":{"start":{"line":84,"column":16},"end":{"line":84,"column":null}},"37":{"start":{"line":85,"column":16},"end":{"line":85,"column":null}},"38":{"start":{"line":86,"column":16},"end":{"line":86,"column":null}},"39":{"start":{"line":89,"column":16},"end":{"line":89,"column":null}},"40":{"start":{"line":90,"column":16},"end":{"line":90,"column":null}},"41":{"start":{"line":93,"column":8},"end":{"line":93,"column":null}},"42":{"start":{"line":93,"column":36},"end":{"line":93,"column":55}},"43":{"start":{"line":94,"column":8},"end":{"line":94,"column":null}},"44":{"start":{"line":94,"column":35},"end":{"line":94,"column":53}},"45":{"start":{"line":98,"column":0},"end":{"line":101,"column":null}},"46":{"start":{"line":99,"column":4},"end":{"line":99,"column":null}},"47":{"start":{"line":100,"column":4},"end":{"line":100,"column":null}},"48":{"start":{"line":102,"column":0},"end":{"line":105,"column":null}},"49":{"start":{"line":103,"column":4},"end":{"line":103,"column":null}},"50":{"start":{"line":104,"column":4},"end":{"line":104,"column":null}}},"fnMap":{"0":{"name":"buildServer","decl":{"start":{"line":20,"column":22},"end":{"line":20,"column":33}},"loc":{"start":{"line":20,"column":36},"end":{"line":70,"column":null}},"line":20},"1":{"name":"(anonymous_1)","decl":{"start":{"line":24,"column":29},"end":{"line":24,"column":34}},"loc":{"start":{"line":24,"column":44},"end":{"line":39,"column":5}},"line":24},"2":{"name":"(anonymous_2)","decl":{"start":{"line":25,"column":73},"end":{"line":25,"column":74}},"loc":{"start":{"line":25,"column":78},"end":{"line":25,"column":86}},"line":25},"3":{"name":"(anonymous_3)","decl":{"start":{"line":74,"column":5},"end":{"line":74,"column":10}},"loc":{"start":{"line":74,"column":17},"end":{"line":95,"column":5}},"line":74},"4":{"name":"shutdown","decl":{"start":{"line":81,"column":23},"end":{"line":81,"column":31}},"loc":{"start":{"line":81,"column":40},"end":{"line":92,"column":null}},"line":81},"5":{"name":"(anonymous_5)","decl":{"start":{"line":93,"column":30},"end":{"line":93,"column":31}},"loc":{"start":{"line":93,"column":36},"end":{"line":93,"column":55}},"line":93},"6":{"name":"(anonymous_6)","decl":{"start":{"line":94,"column":29},"end":{"line":94,"column":30}},"loc":{"start":{"line":94,"column":35},"end":{"line":94,"column":53}},"line":94},"7":{"name":"(anonymous_7)","decl":{"start":{"line":98,"column":33},"end":{"line":98,"column":34}},"loc":{"start":{"line":98,"column":54},"end":{"line":101,"column":1}},"line":98},"8":{"name":"(anonymous_8)","decl":{"start":{"line":102,"column":32},"end":{"line":102,"column":33}},"loc":{"start":{"line":102,"column":41},"end":{"line":105,"column":1}},"line":102}},"branchMap":{"0":{"loc":{"start":{"line":25,"column":22},"end":{"line":25,"column":93}},"type":"binary-expr","locations":[{"start":{"line":25,"column":22},"end":{"line":25,"column":87}},{"start":{"line":25,"column":91},"end":{"line":25,"column":93}}],"line":25},"1":{"loc":{"start":{"line":28,"column":21},"end":{"line":28,"column":56}},"type":"binary-expr","locations":[{"start":{"line":28,"column":21},"end":{"line":28,"column":46}},{"start":{"line":28,"column":49},"end":{"line":28,"column":56}}],"line":28},"2":{"loc":{"start":{"line":29,"column":22},"end":{"line":29,"column":54}},"type":"binary-expr","locations":[{"start":{"line":29,"column":22},"end":{"line":29,"column":48}},{"start":{"line":29,"column":52},"end":{"line":29,"column":54}}],"line":29},"3":{"loc":{"start":{"line":30,"column":24},"end":{"line":30,"column":65}},"type":"binary-expr","locations":[{"start":{"line":30,"column":24},"end":{"line":30,"column":52}},{"start":{"line":30,"column":56},"end":{"line":30,"column":65}}],"line":30},"4":{"loc":{"start":{"line":32,"column":22},"end":{"line":32,"column":61}},"type":"binary-expr","locations":[{"start":{"line":32,"column":22},"end":{"line":32,"column":49}},{"start":{"line":32,"column":53},"end":{"line":32,"column":61}}],"line":32},"5":{"loc":{"start":{"line":33,"column":20},"end":{"line":33,"column":60}},"type":"binary-expr","locations":[{"start":{"line":33,"column":20},"end":{"line":33,"column":45}},{"start":{"line":33,"column":49},"end":{"line":33,"column":60}}],"line":33},"6":{"loc":{"start":{"line":34,"column":24},"end":{"line":34,"column":62}},"type":"binary-expr","locations":[{"start":{"line":34,"column":24},"end":{"line":34,"column":49}},{"start":{"line":34,"column":53},"end":{"line":34,"column":62}}],"line":34},"7":{"loc":{"start":{"line":54,"column":8},"end":{"line":55,"column":null}},"type":"if","locations":[{"start":{"line":54,"column":8},"end":{"line":55,"column":null}},{"start":{},"end":{}}],"line":54},"8":{"loc":{"start":{"line":73,"column":0},"end":{"line":96,"column":null}},"type":"if","locations":[{"start":{"line":73,"column":0},"end":{"line":96,"column":null}},{"start":{},"end":{}}],"line":73},"9":{"loc":{"start":{"line":75,"column":30},"end":{"line":75,"column":56}},"type":"binary-expr","locations":[{"start":{"line":75,"column":30},"end":{"line":75,"column":46}},{"start":{"line":75,"column":50},"end":{"line":75,"column":56}}],"line":75},"10":{"loc":{"start":{"line":89,"column":59},"end":{"line":89,"column":107}},"type":"cond-expr","locations":[{"start":{"line":89,"column":82},"end":{"line":89,"column":93}},{"start":{"line":89,"column":96},"end":{"line":89,"column":107}}],"line":89}},"s":{"0":7,"1":7,"2":7,"3":148,"4":124,"5":148,"6":7,"7":7,"8":7,"9":7,"10":7,"11":7,"12":7,"13":7,"14":7,"15":0,"16":0,"17":7,"18":7,"19":7,"20":7,"21":7,"22":7,"23":7,"24":7,"25":7,"26":7,"27":7,"28":7,"29":0,"30":0,"31":0,"32":0,"33":0,"34":0,"35":0,"36":0,"37":0,"38":0,"39":0,"40":0,"41":0,"42":0,"43":0,"44":0,"45":7,"46":0,"47":0,"48":7,"49":0,"50":0},"f":{"0":7,"1":148,"2":124,"3":0,"4":0,"5":0,"6":0,"7":0,"8":0},"b":{"0":[148,39],"1":[148,148],"2":[148,26],"3":[148,148],"4":[148,147],"5":[148,146],"6":[148,146],"7":[0,0],"8":[0,7],"9":[0,0],"10":[0,0]},"meta":{"lastBranch":11,"lastFunction":9,"lastStatement":51,"seen":{"f:20:22:20:33":0,"s:21:15:21:41":0,"s:23:4:23:Infinity":1,"s:24:4:39:Infinity":2,"f:24:29:24:34":1,"s:25:22:25:93":3,"b:25:22:25:87:25:91:25:93":0,"f:25:73:25:74":2,"s:25:78:25:86":4,"s:26:8:38:Infinity":5,"b:28:21:28:46:28:49:28:56":1,"b:29:22:29:48:29:52:29:54":2,"b:30:24:30:52:30:56:30:65":3,"b:32:22:32:49:32:53:32:61":4,"b:33:20:33:45:33:49:33:60":5,"b:34:24:34:49:34:53:34:62":6,"s:41:4:41:Infinity":6,"s:43:4:43:Infinity":7,"s:45:4:45:Infinity":8,"s:47:4:47:Infinity":9,"s:48:4:48:Infinity":10,"s:49:4:49:Infinity":11,"s:50:4:50:Infinity":12,"s:52:4:59:Infinity":13,"s:53:24:53:46":14,"b:54:8:55:Infinity:undefined:undefined:undefined:undefined":7,"s:54:8:55:Infinity":15,"s:55:12:55:Infinity":16,"s:58:8:58:Infinity":17,"s:60:4:60:Infinity":18,"s:62:4:62:Infinity":19,"s:63:4:63:Infinity":20,"s:64:4:64:Infinity":21,"s:65:4:65:Infinity":22,"s:66:4:66:Infinity":23,"s:67:4:67:Infinity":24,"s:68:4:68:Infinity":25,"s:69:4:69:Infinity":26,"s:72:15:72:50":27,"b:73:0:96:Infinity:undefined:undefined:undefined:undefined":8,"s:73:0:96:Infinity":28,"s:74:4:95:Infinity":29,"f:74:5:74:10":3,"s:75:21:75:61":30,"b:75:30:75:46:75:50:75:56":9,"s:76:23:76:42":31,"s:78:8:78:Infinity":32,"s:79:8:79:Infinity":33,"f:81:23:81:31":4,"s:82:12:82:Infinity":34,"s:83:12:91:Infinity":35,"s:84:16:84:Infinity":36,"s:85:16:85:Infinity":37,"s:86:16:86:Infinity":38,"s:89:16:89:Infinity":39,"b:89:82:89:93:89:96:89:107":10,"s:90:16:90:Infinity":40,"s:93:8:93:Infinity":41,"f:93:30:93:31":5,"s:93:36:93:55":42,"s:94:8:94:Infinity":43,"f:94:29:94:30":6,"s:94:35:94:53":44,"s:98:0:101:Infinity":45,"f:98:33:98:34":7,"s:99:4:99:Infinity":46,"s:100:4:100:Infinity":47,"s:102:0:105:Infinity":48,"f:102:32:102:33":8,"s:103:4:103:Infinity":49,"s:104:4:104:Infinity":50}}}
,"/root/entertainment-exchange/apps/api/dist/apps/api/src/plugins/auth.plugin.js": {"path":"/root/entertainment-exchange/apps/api/dist/apps/api/src/plugins/auth.plugin.js","statementMap":{"0":{"start":{"line":3,"column":16},"end":{"line":3,"column":23}},"1":{"start":{"line":4,"column":19},"end":{"line":4,"column":24}},"2":{"start":{"line":5,"column":17},"end":{"line":5,"column":21}},"3":{"start":{"line":7,"column":4},"end":{"line":8,"column":null}},"4":{"start":{"line":8,"column":8},"end":{"line":8,"column":null}},"5":{"start":{"line":9,"column":19},"end":{"line":9,"column":41}},"6":{"start":{"line":10,"column":4},"end":{"line":12,"column":null}},"7":{"start":{"line":11,"column":8},"end":{"line":11,"column":null}},"8":{"start":{"line":15,"column":4},"end":{"line":15,"column":null}},"9":{"start":{"line":16,"column":4},"end":{"line":18,"column":null}},"10":{"start":{"line":17,"column":8},"end":{"line":17,"column":null}},"11":{"start":{"line":19,"column":4},"end":{"line":19,"column":null}},"12":{"start":{"line":26,"column":19},"end":{"line":26,"column":33}},"13":{"start":{"line":27,"column":4},"end":{"line":35,"column":null}},"14":{"start":{"line":41,"column":4},"end":{"line":60,"column":null}},"15":{"start":{"line":42,"column":23},"end":{"line":42,"column":37}},"16":{"start":{"line":43,"column":28},"end":{"line":45,"column":10}},"17":{"start":{"line":47,"column":8},"end":{"line":49,"column":null}},"18":{"start":{"line":48,"column":12},"end":{"line":48,"column":null}},"19":{"start":{"line":50,"column":8},"end":{"line":56,"column":null}},"20":{"start":{"line":59,"column":8},"end":{"line":59,"column":null}},"21":{"start":{"line":68,"column":4},"end":{"line":93,"column":null}},"22":{"start":{"line":69,"column":27},"end":{"line":69,"column":52}},"23":{"start":{"line":70,"column":8},"end":{"line":71,"column":19}},"24":{"start":{"line":71,"column":12},"end":{"line":71,"column":19}},"25":{"start":{"line":72,"column":22},"end":{"line":72,"column":43}},"26":{"start":{"line":73,"column":8},"end":{"line":74,"column":null}},"27":{"start":{"line":74,"column":12},"end":{"line":74,"column":null}},"28":{"start":{"line":75,"column":22},"end":{"line":75,"column":30}},"29":{"start":{"line":76,"column":24},"end":{"line":76,"column":48}},"30":{"start":{"line":77,"column":8},"end":{"line":78,"column":19}},"31":{"start":{"line":78,"column":12},"end":{"line":78,"column":19}},"32":{"start":{"line":80,"column":23},"end":{"line":80,"column":30}},"33":{"start":{"line":81,"column":8},"end":{"line":92,"column":null}},"34":{"start":{"line":82,"column":12},"end":{"line":91,"column":null}}},"fnMap":{"0":{"name":"getSecretKey","decl":{"start":{"line":6,"column":9},"end":{"line":6,"column":21}},"loc":{"start":{"line":6,"column":24},"end":{"line":20,"column":null}},"line":6},"1":{"name":"createToken","decl":{"start":{"line":25,"column":22},"end":{"line":25,"column":33}},"loc":{"start":{"line":25,"column":65},"end":{"line":36,"column":null}},"line":25},"2":{"name":"verifyToken","decl":{"start":{"line":40,"column":22},"end":{"line":40,"column":33}},"loc":{"start":{"line":40,"column":41},"end":{"line":61,"column":null}},"line":40},"3":{"name":"authPlugin","decl":{"start":{"line":67,"column":22},"end":{"line":67,"column":32}},"loc":{"start":{"line":67,"column":38},"end":{"line":94,"column":null}},"line":67},"4":{"name":"(anonymous_4)","decl":{"start":{"line":68,"column":29},"end":{"line":68,"column":34}},"loc":{"start":{"line":68,"column":44},"end":{"line":93,"column":5}},"line":68}},"branchMap":{"0":{"loc":{"start":{"line":7,"column":4},"end":{"line":8,"column":null}},"type":"if","locations":[{"start":{"line":7,"column":4},"end":{"line":8,"column":null}},{"start":{},"end":{}}],"line":7},"1":{"loc":{"start":{"line":10,"column":4},"end":{"line":12,"column":null}},"type":"if","locations":[{"start":{"line":10,"column":4},"end":{"line":12,"column":null}},{"start":{},"end":{}}],"line":10},"2":{"loc":{"start":{"line":16,"column":4},"end":{"line":18,"column":null}},"type":"if","locations":[{"start":{"line":16,"column":4},"end":{"line":18,"column":null}},{"start":{},"end":{}}],"line":16},"3":{"loc":{"start":{"line":47,"column":8},"end":{"line":49,"column":null}},"type":"if","locations":[{"start":{"line":47,"column":8},"end":{"line":49,"column":null}},{"start":{},"end":{}}],"line":47},"4":{"loc":{"start":{"line":47,"column":12},"end":{"line":47,"column":82}},"type":"binary-expr","locations":[{"start":{"line":47,"column":12},"end":{"line":47,"column":24}},{"start":{"line":47,"column":28},"end":{"line":47,"column":43}},{"start":{"line":47,"column":47},"end":{"line":47,"column":82}}],"line":47},"5":{"loc":{"start":{"line":70,"column":8},"end":{"line":71,"column":19}},"type":"if","locations":[{"start":{"line":70,"column":8},"end":{"line":71,"column":19}},{"start":{},"end":{}}],"line":70},"6":{"loc":{"start":{"line":73,"column":8},"end":{"line":74,"column":null}},"type":"if","locations":[{"start":{"line":73,"column":8},"end":{"line":74,"column":null}},{"start":{},"end":{}}],"line":73},"7":{"loc":{"start":{"line":73,"column":12},"end":{"line":73,"column":69}},"type":"binary-expr","locations":[{"start":{"line":73,"column":12},"end":{"line":73,"column":30}},{"start":{"line":73,"column":34},"end":{"line":73,"column":69}}],"line":73},"8":{"loc":{"start":{"line":77,"column":8},"end":{"line":78,"column":19}},"type":"if","locations":[{"start":{"line":77,"column":8},"end":{"line":78,"column":19}},{"start":{},"end":{}}],"line":77},"9":{"loc":{"start":{"line":81,"column":8},"end":{"line":92,"column":null}},"type":"if","locations":[{"start":{"line":81,"column":8},"end":{"line":92,"column":null}},{"start":{},"end":{}}],"line":81}},"s":{"0":7,"1":7,"2":7,"3":1,"4":0,"5":1,"6":1,"7":0,"8":1,"9":1,"10":0,"11":1,"12":1,"13":1,"14":0,"15":0,"16":0,"17":0,"18":0,"19":0,"20":0,"21":7,"22":148,"23":148,"24":148,"25":0,"26":0,"27":0,"28":0,"29":0,"30":0,"31":0,"32":0,"33":0,"34":0},"f":{"0":1,"1":1,"2":0,"3":7,"4":148},"b":{"0":[0,1],"1":[0,1],"2":[0,1],"3":[0,0],"4":[0,0,0],"5":[148,0],"6":[0,0],"7":[0,0],"8":[0,0],"9":[0,0]},"meta":{"lastBranch":10,"lastFunction":5,"lastStatement":35,"seen":{"s:3:16:3:23":0,"s:4:19:4:24":1,"s:5:17:5:21":2,"f:6:9:6:21":0,"b:7:4:8:Infinity:undefined:undefined:undefined:undefined":0,"s:7:4:8:Infinity":3,"s:8:8:8:Infinity":4,"s:9:19:9:41":5,"b:10:4:12:Infinity:undefined:undefined:undefined:undefined":1,"s:10:4:12:Infinity":6,"s:11:8:11:Infinity":7,"s:15:4:15:Infinity":8,"b:16:4:18:Infinity:undefined:undefined:undefined:undefined":2,"s:16:4:18:Infinity":9,"s:17:8:17:Infinity":10,"s:19:4:19:Infinity":11,"f:25:22:25:33":1,"s:26:19:26:33":12,"s:27:4:35:Infinity":13,"f:40:22:40:33":2,"s:41:4:60:Infinity":14,"s:42:23:42:37":15,"s:43:28:45:10":16,"b:47:8:49:Infinity:undefined:undefined:undefined:undefined":3,"s:47:8:49:Infinity":17,"b:47:12:47:24:47:28:47:43:47:47:47:82":4,"s:48:12:48:Infinity":18,"s:50:8:56:Infinity":19,"s:59:8:59:Infinity":20,"f:67:22:67:32":3,"s:68:4:93:Infinity":21,"f:68:29:68:34":4,"s:69:27:69:52":22,"b:70:8:71:19:undefined:undefined:undefined:undefined":5,"s:70:8:71:19":23,"s:71:12:71:19":24,"s:72:22:72:43":25,"b:73:8:74:Infinity:undefined:undefined:undefined:undefined":6,"s:73:8:74:Infinity":26,"b:73:12:73:30:73:34:73:69":7,"s:74:12:74:Infinity":27,"s:75:22:75:30":28,"s:76:24:76:48":29,"b:77:8:78:19:undefined:undefined:undefined:undefined":8,"s:77:8:78:19":30,"s:78:12:78:19":31,"s:80:23:80:30":32,"b:81:8:92:Infinity:undefined:undefined:undefined:undefined":9,"s:81:8:92:Infinity":33,"s:82:12:91:Infinity":34}}}
,"/root/entertainment-exchange/apps/api/dist/apps/api/src/plugins/errorHandler.js": {"path":"/root/entertainment-exchange/apps/api/dist/apps/api/src/plugins/errorHandler.js","statementMap":{"0":{"start":{"line":7,"column":8},"end":{"line":7,"column":null}},"1":{"start":{"line":8,"column":8},"end":{"line":8,"column":null}},"2":{"start":{"line":9,"column":8},"end":{"line":9,"column":null}},"3":{"start":{"line":10,"column":8},"end":{"line":10,"column":null}},"4":{"start":{"line":12,"column":42},"end":{"line":12,"column":85}},"5":{"start":{"line":13,"column":25},"end":{"line":13,"column":81}},"6":{"start":{"line":14,"column":26},"end":{"line":14,"column":73}},"7":{"start":{"line":15,"column":30},"end":{"line":15,"column":105}},"8":{"start":{"line":16,"column":54},"end":{"line":16,"column":103}},"9":{"start":{"line":19,"column":4},"end":{"line":43,"column":null}},"10":{"start":{"line":20,"column":22},"end":{"line":20,"column":25}},"11":{"start":{"line":21,"column":8},"end":{"line":25,"column":null}},"12":{"start":{"line":22,"column":12},"end":{"line":24,"column":null}},"13":{"start":{"line":27,"column":8},"end":{"line":32,"column":null}},"14":{"start":{"line":28,"column":29},"end":{"line":28,"column":98}},"15":{"start":{"line":28,"column":51},"end":{"line":28,"column":86}},"16":{"start":{"line":29,"column":12},"end":{"line":31,"column":null}},"17":{"start":{"line":34,"column":8},"end":{"line":38,"column":null}},"18":{"start":{"line":35,"column":12},"end":{"line":37,"column":null}},"19":{"start":{"line":39,"column":8},"end":{"line":39,"column":null}},"20":{"start":{"line":40,"column":8},"end":{"line":42,"column":null}}},"fnMap":{"0":{"name":"(anonymous_0)","decl":{"start":{"line":6,"column":4},"end":{"line":6,"column":15}},"loc":{"start":{"line":6,"column":59},"end":{"line":11,"column":null}},"line":6},"1":{"name":"(anonymous_1)","decl":{"start":{"line":12,"column":11},"end":{"line":12,"column":20}},"loc":{"start":{"line":12,"column":40},"end":{"line":12,"column":null}},"line":12},"2":{"name":"(anonymous_2)","decl":{"start":{"line":13,"column":11},"end":{"line":13,"column":19}},"loc":{"start":{"line":13,"column":23},"end":{"line":13,"column":null}},"line":13},"3":{"name":"(anonymous_3)","decl":{"start":{"line":14,"column":11},"end":{"line":14,"column":18}},"loc":{"start":{"line":14,"column":24},"end":{"line":14,"column":null}},"line":14},"4":{"name":"(anonymous_4)","decl":{"start":{"line":15,"column":11},"end":{"line":15,"column":25}},"loc":{"start":{"line":15,"column":28},"end":{"line":15,"column":null}},"line":15},"5":{"name":"(anonymous_5)","decl":{"start":{"line":16,"column":11},"end":{"line":16,"column":26}},"loc":{"start":{"line":16,"column":52},"end":{"line":16,"column":null}},"line":16},"6":{"name":"errorHandlerPlugin","decl":{"start":{"line":18,"column":22},"end":{"line":18,"column":40}},"loc":{"start":{"line":18,"column":46},"end":{"line":44,"column":null}},"line":18},"7":{"name":"(anonymous_7)","decl":{"start":{"line":19,"column":24},"end":{"line":19,"column":25}},"loc":{"start":{"line":19,"column":45},"end":{"line":43,"column":5}},"line":19},"8":{"name":"(anonymous_8)","decl":{"start":{"line":28,"column":46},"end":{"line":28,"column":47}},"loc":{"start":{"line":28,"column":51},"end":{"line":28,"column":86}},"line":28}},"branchMap":{"0":{"loc":{"start":{"line":6,"column":31},"end":{"line":6,"column":43}},"type":"default-arg","locations":[{"start":{"line":6,"column":40},"end":{"line":6,"column":43}}],"line":6},"1":{"loc":{"start":{"line":6,"column":45},"end":{"line":6,"column":57}},"type":"default-arg","locations":[{"start":{"line":6,"column":55},"end":{"line":6,"column":57}}],"line":6},"2":{"loc":{"start":{"line":12,"column":21},"end":{"line":12,"column":38}},"type":"default-arg","locations":[{"start":{"line":12,"column":27},"end":{"line":12,"column":38}}],"line":12},"3":{"loc":{"start":{"line":16,"column":27},"end":{"line":16,"column":50}},"type":"default-arg","locations":[{"start":{"line":16,"column":33},"end":{"line":16,"column":50}}],"line":16},"4":{"loc":{"start":{"line":21,"column":8},"end":{"line":25,"column":null}},"type":"if","locations":[{"start":{"line":21,"column":8},"end":{"line":25,"column":null}},{"start":{},"end":{}}],"line":21},"5":{"loc":{"start":{"line":27,"column":8},"end":{"line":32,"column":null}},"type":"if","locations":[{"start":{"line":27,"column":8},"end":{"line":32,"column":null}},{"start":{},"end":{}}],"line":27},"6":{"loc":{"start":{"line":34,"column":8},"end":{"line":38,"column":null}},"type":"if","locations":[{"start":{"line":34,"column":8},"end":{"line":38,"column":null}},{"start":{},"end":{}}],"line":34}},"s":{"0":48,"1":48,"2":48,"3":48,"4":13,"5":16,"6":2,"7":11,"8":4,"9":7,"10":61,"11":61,"12":48,"13":13,"14":13,"15":14,"16":13,"17":0,"18":0,"19":0,"20":0},"f":{"0":48,"1":48,"2":48,"3":48,"4":48,"5":48,"6":7,"7":61,"8":14},"b":{"0":[48],"1":[48],"2":[13],"3":[4],"4":[48,13],"5":[13,0],"6":[0,0]},"meta":{"lastBranch":7,"lastFunction":9,"lastStatement":21,"seen":{"f:6:4:6:15":0,"b:6:40:6:43":0,"b:6:55:6:57":1,"s:7:8:7:Infinity":0,"s:8:8:8:Infinity":1,"s:9:8:9:Infinity":2,"s:10:8:10:Infinity":3,"f:12:11:12:20":1,"b:12:27:12:38":2,"s:12:42:12:85":4,"f:13:11:13:19":2,"s:13:25:13:81":5,"f:14:11:14:18":3,"s:14:26:14:73":6,"f:15:11:15:25":4,"s:15:30:15:105":7,"f:16:11:16:26":5,"b:16:33:16:50":3,"s:16:54:16:103":8,"f:18:22:18:40":6,"s:19:4:43:Infinity":9,"f:19:24:19:25":7,"s:20:22:20:25":10,"b:21:8:25:Infinity:undefined:undefined:undefined:undefined":4,"s:21:8:25:Infinity":11,"s:22:12:24:Infinity":12,"b:27:8:32:Infinity:undefined:undefined:undefined:undefined":5,"s:27:8:32:Infinity":13,"s:28:29:28:98":14,"f:28:46:28:47":8,"s:28:51:28:86":15,"s:29:12:31:Infinity":16,"b:34:8:38:Infinity:undefined:undefined:undefined:undefined":6,"s:34:8:38:Infinity":17,"s:35:12:37:Infinity":18,"s:39:8:39:Infinity":19,"s:40:8:42:Infinity":20}}}
,"/root/entertainment-exchange/apps/api/dist/apps/api/src/plugins/health.plugin.js": {"path":"/root/entertainment-exchange/apps/api/dist/apps/api/src/plugins/health.plugin.js","statementMap":{"0":{"start":{"line":3,"column":22},"end":{"line":3,"column":32}},"1":{"start":{"line":4,"column":30},"end":{"line":4,"column":47}},"2":{"start":{"line":5,"column":34},"end":{"line":5,"column":51}},"3":{"start":{"line":6,"column":4},"end":{"line":27,"column":null}},"4":{"start":{"line":7,"column":23},"end":{"line":7,"column":54}},"5":{"start":{"line":8,"column":25},"end":{"line":8,"column":55}},"6":{"start":{"line":9,"column":27},"end":{"line":9,"column":31}},"7":{"start":{"line":10,"column":8},"end":{"line":13,"column":null}},"8":{"start":{"line":11,"column":12},"end":{"line":11,"column":null}},"9":{"start":{"line":12,"column":13},"end":{"line":13,"column":null}},"10":{"start":{"line":13,"column":12},"end":{"line":13,"column":null}},"11":{"start":{"line":14,"column":21},"end":{"line":14,"column":35}},"12":{"start":{"line":15,"column":25},"end":{"line":15,"column":46}},"13":{"start":{"line":16,"column":26},"end":{"line":16,"column":69}},"14":{"start":{"line":17,"column":30},"end":{"line":17,"column":103}},"15":{"start":{"line":18,"column":23},"end":{"line":25,"column":9}},"16":{"start":{"line":26,"column":8},"end":{"line":26,"column":null}}},"fnMap":{"0":{"name":"healthPlugin","decl":{"start":{"line":2,"column":22},"end":{"line":2,"column":34}},"loc":{"start":{"line":2,"column":40},"end":{"line":28,"column":null}},"line":2},"1":{"name":"(anonymous_1)","decl":{"start":{"line":6,"column":45},"end":{"line":6,"column":50}},"loc":{"start":{"line":6,"column":68},"end":{"line":27,"column":5}},"line":6}},"branchMap":{"0":{"loc":{"start":{"line":10,"column":8},"end":{"line":13,"column":null}},"type":"if","locations":[{"start":{"line":10,"column":8},"end":{"line":13,"column":null}},{"start":{"line":12,"column":13},"end":{"line":13,"column":null}}],"line":10},"1":{"loc":{"start":{"line":12,"column":13},"end":{"line":13,"column":null}},"type":"if","locations":[{"start":{"line":12,"column":13},"end":{"line":13,"column":null}},{"start":{},"end":{}}],"line":12},"2":{"loc":{"start":{"line":15,"column":25},"end":{"line":15,"column":46}},"type":"cond-expr","locations":[{"start":{"line":15,"column":32},"end":{"line":15,"column":36}},{"start":{"line":15,"column":39},"end":{"line":15,"column":46}}],"line":15},"3":{"loc":{"start":{"line":16,"column":26},"end":{"line":16,"column":69}},"type":"cond-expr","locations":[{"start":{"line":16,"column":33},"end":{"line":16,"column":42}},{"start":{"line":16,"column":45},"end":{"line":16,"column":69}}],"line":16},"4":{"loc":{"start":{"line":17,"column":30},"end":{"line":17,"column":103}},"type":"cond-expr","locations":[{"start":{"line":17,"column":86},"end":{"line":17,"column":96}},{"start":{"line":17,"column":99},"end":{"line":17,"column":103}}],"line":17},"5":{"loc":{"start":{"line":17,"column":31},"end":{"line":17,"column":82}},"type":"binary-expr","locations":[{"start":{"line":17,"column":31},"end":{"line":17,"column":51}},{"start":{"line":17,"column":55},"end":{"line":17,"column":82}}],"line":17},"6":{"loc":{"start":{"line":22,"column":44},"end":{"line":22,"column":83}},"type":"cond-expr","locations":[{"start":{"line":22,"column":56},"end":{"line":22,"column":78}},{"start":{"line":22,"column":81},"end":{"line":22,"column":83}}],"line":22},"7":{"loc":{"start":{"line":26,"column":28},"end":{"line":26,"column":68}},"type":"cond-expr","locations":[{"start":{"line":26,"column":59},"end":{"line":26,"column":62}},{"start":{"line":26,"column":65},"end":{"line":26,"column":68}}],"line":26}},"s":{"0":7,"1":7,"2":7,"3":7,"4":0,"5":0,"6":0,"7":0,"8":0,"9":0,"10":0,"11":0,"12":0,"13":0,"14":0,"15":0,"16":0},"f":{"0":7,"1":0},"b":{"0":[0,0],"1":[0,0],"2":[0,0],"3":[0,0],"4":[0,0],"5":[0,0],"6":[0,0],"7":[0,0]},"meta":{"lastBranch":8,"lastFunction":2,"lastStatement":17,"seen":{"f:2:22:2:34":0,"s:3:22:3:32":0,"s:4:30:4:47":1,"s:5:34:5:51":2,"s:6:4:27:Infinity":3,"f:6:45:6:50":1,"s:7:23:7:54":4,"s:8:25:8:55":5,"s:9:27:9:31":6,"b:10:8:13:Infinity:12:13:13:Infinity":0,"s:10:8:13:Infinity":7,"s:11:12:11:Infinity":8,"b:12:13:13:Infinity:undefined:undefined:undefined:undefined":1,"s:12:13:13:Infinity":9,"s:13:12:13:Infinity":10,"s:14:21:14:35":11,"s:15:25:15:46":12,"b:15:32:15:36:15:39:15:46":2,"s:16:26:16:69":13,"b:16:33:16:42:16:45:16:69":3,"s:17:30:17:103":14,"b:17:86:17:96:17:99:17:103":4,"b:17:31:17:51:17:55:17:82":5,"s:18:23:25:9":15,"b:22:56:22:78:22:81:22:83":6,"s:26:8:26:Infinity":16,"b:26:59:26:62:26:65:26:68":7}}}
,"/root/entertainment-exchange/apps/api/dist/apps/api/src/plugins/logger.plugin.js": {"path":"/root/entertainment-exchange/apps/api/dist/apps/api/src/plugins/logger.plugin.js","statementMap":{"0":{"start":{"line":1,"column":20},"end":{"line":12,"column":2}},"1":{"start":{"line":14,"column":4},"end":{"line":15,"column":null}},"2":{"start":{"line":15,"column":8},"end":{"line":15,"column":null}},"3":{"start":{"line":16,"column":16},"end":{"line":16,"column":23}},"4":{"start":{"line":17,"column":4},"end":{"line":18,"column":null}},"5":{"start":{"line":18,"column":8},"end":{"line":18,"column":null}},"6":{"start":{"line":19,"column":4},"end":{"line":23,"column":null}},"7":{"start":{"line":27,"column":4},"end":{"line":28,"column":null}},"8":{"start":{"line":28,"column":8},"end":{"line":28,"column":null}},"9":{"start":{"line":29,"column":4},"end":{"line":30,"column":null}},"10":{"start":{"line":30,"column":8},"end":{"line":30,"column":null}},"11":{"start":{"line":31,"column":4},"end":{"line":32,"column":null}},"12":{"start":{"line":32,"column":8},"end":{"line":32,"column":null}},"13":{"start":{"line":33,"column":19},"end":{"line":33,"column":21}},"14":{"start":{"line":34,"column":4},"end":{"line":44,"column":null}},"15":{"start":{"line":35,"column":8},"end":{"line":43,"column":null}},"16":{"start":{"line":36,"column":12},"end":{"line":36,"column":null}},"17":{"start":{"line":38,"column":13},"end":{"line":43,"column":null}},"18":{"start":{"line":39,"column":12},"end":{"line":39,"column":null}},"19":{"start":{"line":42,"column":12},"end":{"line":42,"column":null}},"20":{"start":{"line":45,"column":4},"end":{"line":45,"column":null}},"21":{"start":{"line":51,"column":16},"end":{"line":64,"column":5}},"22":{"start":{"line":53,"column":29},"end":{"line":53,"column":53}},"23":{"start":{"line":54,"column":12},"end":{"line":54,"column":null}},"24":{"start":{"line":57,"column":29},"end":{"line":57,"column":53}},"25":{"start":{"line":58,"column":12},"end":{"line":58,"column":null}},"26":{"start":{"line":61,"column":29},"end":{"line":61,"column":53}},"27":{"start":{"line":62,"column":12},"end":{"line":62,"column":null}},"28":{"start":{"line":66,"column":4},"end":{"line":66,"column":null}},"29":{"start":{"line":68,"column":4},"end":{"line":77,"column":null}},"30":{"start":{"line":69,"column":20},"end":{"line":69,"column":27}},"31":{"start":{"line":70,"column":8},"end":{"line":76,"column":null}},"32":{"start":{"line":78,"column":4},"end":{"line":89,"column":null}},"33":{"start":{"line":79,"column":20},"end":{"line":79,"column":27}},"34":{"start":{"line":80,"column":8},"end":{"line":88,"column":null}}},"fnMap":{"0":{"name":"getContext","decl":{"start":{"line":13,"column":9},"end":{"line":13,"column":19}},"loc":{"start":{"line":13,"column":25},"end":{"line":24,"column":null}},"line":13},"1":{"name":"redact","decl":{"start":{"line":26,"column":9},"end":{"line":26,"column":15}},"loc":{"start":{"line":26,"column":21},"end":{"line":46,"column":null}},"line":26},"2":{"name":"loggerPlugin","decl":{"start":{"line":47,"column":22},"end":{"line":47,"column":34}},"loc":{"start":{"line":47,"column":40},"end":{"line":90,"column":null}},"line":47},"3":{"name":"(anonymous_3)","decl":{"start":{"line":52,"column":8},"end":{"line":52,"column":12}},"loc":{"start":{"line":52,"column":24},"end":{"line":55,"column":9}},"line":52},"4":{"name":"(anonymous_4)","decl":{"start":{"line":56,"column":8},"end":{"line":56,"column":12}},"loc":{"start":{"line":56,"column":24},"end":{"line":59,"column":9}},"line":56},"5":{"name":"(anonymous_5)","decl":{"start":{"line":60,"column":8},"end":{"line":60,"column":13}},"loc":{"start":{"line":60,"column":25},"end":{"line":63,"column":9}},"line":60},"6":{"name":"(anonymous_6)","decl":{"start":{"line":68,"column":29},"end":{"line":68,"column":34}},"loc":{"start":{"line":68,"column":44},"end":{"line":77,"column":5}},"line":68},"7":{"name":"(anonymous_7)","decl":{"start":{"line":78,"column":30},"end":{"line":78,"column":35}},"loc":{"start":{"line":78,"column":52},"end":{"line":89,"column":5}},"line":78}},"branchMap":{"0":{"loc":{"start":{"line":14,"column":4},"end":{"line":15,"column":null}},"type":"if","locations":[{"start":{"line":14,"column":4},"end":{"line":15,"column":null}},{"start":{},"end":{}}],"line":14},"1":{"loc":{"start":{"line":17,"column":4},"end":{"line":18,"column":null}},"type":"if","locations":[{"start":{"line":17,"column":4},"end":{"line":18,"column":null}},{"start":{},"end":{}}],"line":17},"2":{"loc":{"start":{"line":27,"column":4},"end":{"line":28,"column":null}},"type":"if","locations":[{"start":{"line":27,"column":4},"end":{"line":28,"column":null}},{"start":{},"end":{}}],"line":27},"3":{"loc":{"start":{"line":27,"column":8},"end":{"line":27,"column":41}},"type":"binary-expr","locations":[{"start":{"line":27,"column":8},"end":{"line":27,"column":20}},{"start":{"line":27,"column":24},"end":{"line":27,"column":41}}],"line":27},"4":{"loc":{"start":{"line":29,"column":4},"end":{"line":30,"column":null}},"type":"if","locations":[{"start":{"line":29,"column":4},"end":{"line":30,"column":null}},{"start":{},"end":{}}],"line":29},"5":{"loc":{"start":{"line":31,"column":4},"end":{"line":32,"column":null}},"type":"if","locations":[{"start":{"line":31,"column":4},"end":{"line":32,"column":null}},{"start":{},"end":{}}],"line":31},"6":{"loc":{"start":{"line":35,"column":8},"end":{"line":43,"column":null}},"type":"if","locations":[{"start":{"line":35,"column":8},"end":{"line":43,"column":null}},{"start":{"line":38,"column":13},"end":{"line":43,"column":null}}],"line":35},"7":{"loc":{"start":{"line":38,"column":13},"end":{"line":43,"column":null}},"type":"if","locations":[{"start":{"line":38,"column":13},"end":{"line":43,"column":null}},{"start":{"line":41,"column":13},"end":{"line":43,"column":null}}],"line":38},"8":{"loc":{"start":{"line":38,"column":17},"end":{"line":38,"column":60}},"type":"binary-expr","locations":[{"start":{"line":38,"column":17},"end":{"line":38,"column":42}},{"start":{"line":38,"column":46},"end":{"line":38,"column":60}}],"line":38},"9":{"loc":{"start":{"line":53,"column":29},"end":{"line":53,"column":53}},"type":"cond-expr","locations":[{"start":{"line":53,"column":36},"end":{"line":53,"column":48}},{"start":{"line":53,"column":51},"end":{"line":53,"column":53}}],"line":53},"10":{"loc":{"start":{"line":57,"column":29},"end":{"line":57,"column":53}},"type":"cond-expr","locations":[{"start":{"line":57,"column":36},"end":{"line":57,"column":48}},{"start":{"line":57,"column":51},"end":{"line":57,"column":53}}],"line":57},"11":{"loc":{"start":{"line":61,"column":29},"end":{"line":61,"column":53}},"type":"cond-expr","locations":[{"start":{"line":61,"column":36},"end":{"line":61,"column":48}},{"start":{"line":61,"column":51},"end":{"line":61,"column":53}}],"line":61}},"s":{"0":7,"1":0,"2":0,"3":0,"4":0,"5":0,"6":0,"7":296,"8":0,"9":296,"10":0,"11":296,"12":0,"13":296,"14":296,"15":1776,"16":0,"17":1776,"18":0,"19":1776,"20":296,"21":7,"22":296,"23":296,"24":0,"25":0,"26":0,"27":0,"28":7,"29":7,"30":148,"31":148,"32":7,"33":148,"34":148},"f":{"0":0,"1":296,"2":7,"3":296,"4":0,"5":0,"6":148,"7":148},"b":{"0":[0,0],"1":[0,0],"2":[0,296],"3":[296,296],"4":[0,296],"5":[0,296],"6":[0,1776],"7":[0,1776],"8":[1776,0],"9":[296,0],"10":[0,0],"11":[0,0]},"meta":{"lastBranch":12,"lastFunction":8,"lastStatement":35,"seen":{"s:1:20:12:2":0,"f:13:9:13:19":0,"b:14:4:15:Infinity:undefined:undefined:undefined:undefined":0,"s:14:4:15:Infinity":1,"s:15:8:15:Infinity":2,"s:16:16:16:23":3,"b:17:4:18:Infinity:undefined:undefined:undefined:undefined":1,"s:17:4:18:Infinity":4,"s:18:8:18:Infinity":5,"s:19:4:23:Infinity":6,"f:26:9:26:15":1,"b:27:4:28:Infinity:undefined:undefined:undefined:undefined":2,"s:27:4:28:Infinity":7,"b:27:8:27:20:27:24:27:41":3,"s:28:8:28:Infinity":8,"b:29:4:30:Infinity:undefined:undefined:undefined:undefined":4,"s:29:4:30:Infinity":9,"s:30:8:30:Infinity":10,"b:31:4:32:Infinity:undefined:undefined:undefined:undefined":5,"s:31:4:32:Infinity":11,"s:32:8:32:Infinity":12,"s:33:19:33:21":13,"s:34:4:44:Infinity":14,"b:35:8:43:Infinity:38:13:43:Infinity":6,"s:35:8:43:Infinity":15,"s:36:12:36:Infinity":16,"b:38:13:43:Infinity:41:13:43:Infinity":7,"s:38:13:43:Infinity":17,"b:38:17:38:42:38:46:38:60":8,"s:39:12:39:Infinity":18,"s:42:12:42:Infinity":19,"s:45:4:45:Infinity":20,"f:47:22:47:34":2,"s:51:16:64:5":21,"f:52:8:52:12":3,"s:53:29:53:53":22,"b:53:36:53:48:53:51:53:53":9,"s:54:12:54:Infinity":23,"f:56:8:56:12":4,"s:57:29:57:53":24,"b:57:36:57:48:57:51:57:53":10,"s:58:12:58:Infinity":25,"f:60:8:60:13":5,"s:61:29:61:53":26,"b:61:36:61:48:61:51:61:53":11,"s:62:12:62:Infinity":27,"s:66:4:66:Infinity":28,"s:68:4:77:Infinity":29,"f:68:29:68:34":6,"s:69:20:69:27":30,"s:70:8:76:Infinity":31,"s:78:4:89:Infinity":32,"f:78:30:78:35":7,"s:79:20:79:27":33,"s:80:8:88:Infinity":34}}}
,"/root/entertainment-exchange/apps/api/dist/apps/api/src/plugins/metrics.plugin.js": {"path":"/root/entertainment-exchange/apps/api/dist/apps/api/src/plugins/metrics.plugin.js","statementMap":{"0":{"start":{"line":2,"column":22},"end":{"line":2,"column":32}},"1":{"start":{"line":4,"column":30},"end":{"line":8,"column":5}},"2":{"start":{"line":10,"column":34},"end":{"line":15,"column":5}},"3":{"start":{"line":17,"column":29},"end":{"line":22,"column":5}},"4":{"start":{"line":21,"column":24},"end":{"line":21,"column":54}},"5":{"start":{"line":23,"column":24},"end":{"line":28,"column":5}},"6":{"start":{"line":27,"column":24},"end":{"line":27,"column":55}},"7":{"start":{"line":30,"column":4},"end":{"line":32,"column":null}},"8":{"start":{"line":31,"column":8},"end":{"line":31,"column":null}},"9":{"start":{"line":33,"column":4},"end":{"line":71,"column":null}},"10":{"start":{"line":34,"column":23},"end":{"line":34,"column":33}},"11":{"start":{"line":35,"column":21},"end":{"line":35,"column":67}},"12":{"start":{"line":36,"column":23},"end":{"line":36,"column":47}},"13":{"start":{"line":37,"column":27},"end":{"line":37,"column":62}},"14":{"start":{"line":39,"column":24},"end":{"line":39,"column":60}},"15":{"start":{"line":40,"column":8},"end":{"line":43,"column":null}},"16":{"start":{"line":41,"column":12},"end":{"line":41,"column":null}},"17":{"start":{"line":42,"column":12},"end":{"line":42,"column":null}},"18":{"start":{"line":44,"column":22},"end":{"line":44,"column":41}},"19":{"start":{"line":45,"column":8},"end":{"line":48,"column":null}},"20":{"start":{"line":46,"column":12},"end":{"line":46,"column":null}},"21":{"start":{"line":47,"column":12},"end":{"line":47,"column":null}},"22":{"start":{"line":49,"column":29},"end":{"line":49,"column":53}},"23":{"start":{"line":50,"column":8},"end":{"line":50,"column":null}},"24":{"start":{"line":52,"column":24},"end":{"line":52,"column":43}},"25":{"start":{"line":53,"column":26},"end":{"line":53,"column":68}},"26":{"start":{"line":54,"column":8},"end":{"line":58,"column":null}},"27":{"start":{"line":56,"column":12},"end":{"line":56,"column":null}},"28":{"start":{"line":57,"column":12},"end":{"line":57,"column":null}},"29":{"start":{"line":60,"column":8},"end":{"line":67,"column":null}},"30":{"start":{"line":60,"column":21},"end":{"line":60,"column":22}},"31":{"start":{"line":61,"column":12},"end":{"line":66,"column":null}},"32":{"start":{"line":62,"column":16},"end":{"line":64,"column":null}},"33":{"start":{"line":62,"column":29},"end":{"line":62,"column":30}},"34":{"start":{"line":63,"column":20},"end":{"line":63,"column":null}},"35":{"start":{"line":65,"column":16},"end":{"line":65,"column":null}},"36":{"start":{"line":69,"column":8},"end":{"line":69,"column":72}},"37":{"start":{"line":70,"column":8},"end":{"line":70,"column":64}},"38":{"start":{"line":74,"column":22},"end":{"line":74,"column":24}},"39":{"start":{"line":76,"column":8},"end":{"line":76,"column":null}},"40":{"start":{"line":77,"column":8},"end":{"line":77,"column":null}},"41":{"start":{"line":78,"column":8},"end":{"line":84,"column":null}},"42":{"start":{"line":79,"column":12},"end":{"line":83,"column":null}},"43":{"start":{"line":80,"column":16},"end":{"line":82,"column":null}},"44":{"start":{"line":81,"column":20},"end":{"line":81,"column":null}},"45":{"start":{"line":86,"column":8},"end":{"line":86,"column":null}},"46":{"start":{"line":87,"column":8},"end":{"line":87,"column":null}},"47":{"start":{"line":88,"column":8},"end":{"line":99,"column":null}},"48":{"start":{"line":89,"column":29},"end":{"line":89,"column":47}},"49":{"start":{"line":90,"column":27},"end":{"line":90,"column":51}},"50":{"start":{"line":91,"column":25},"end":{"line":91,"column":50}},"51":{"start":{"line":92,"column":28},"end":{"line":92,"column":57}},"52":{"start":{"line":93,"column":12},"end":{"line":95,"column":null}},"53":{"start":{"line":93,"column":25},"end":{"line":93,"column":26}},"54":{"start":{"line":94,"column":16},"end":{"line":94,"column":null}},"55":{"start":{"line":96,"column":12},"end":{"line":96,"column":null}},"56":{"start":{"line":97,"column":12},"end":{"line":97,"column":null}},"57":{"start":{"line":98,"column":12},"end":{"line":98,"column":null}},"58":{"start":{"line":101,"column":8},"end":{"line":106,"column":null}},"59":{"start":{"line":102,"column":12},"end":{"line":102,"column":null}},"60":{"start":{"line":103,"column":12},"end":{"line":103,"column":null}},"61":{"start":{"line":104,"column":12},"end":{"line":104,"column":null}},"62":{"start":{"line":105,"column":12},"end":{"line":105,"column":null}},"63":{"start":{"line":107,"column":8},"end":{"line":107,"column":null}},"64":{"start":{"line":110,"column":4},"end":{"line":112,"column":null}},"65":{"start":{"line":111,"column":8},"end":{"line":111,"column":null}}},"fnMap":{"0":{"name":"metricsPlugin","decl":{"start":{"line":1,"column":22},"end":{"line":1,"column":35}},"loc":{"start":{"line":1,"column":41},"end":{"line":113,"column":null}},"line":1},"1":{"name":"(anonymous_1)","decl":{"start":{"line":21,"column":18},"end":{"line":21,"column":19}},"loc":{"start":{"line":21,"column":24},"end":{"line":21,"column":54}},"line":21},"2":{"name":"(anonymous_2)","decl":{"start":{"line":27,"column":18},"end":{"line":27,"column":19}},"loc":{"start":{"line":27,"column":24},"end":{"line":27,"column":55}},"line":27},"3":{"name":"(anonymous_3)","decl":{"start":{"line":30,"column":29},"end":{"line":30,"column":34}},"loc":{"start":{"line":30,"column":44},"end":{"line":32,"column":5}},"line":30},"4":{"name":"(anonymous_4)","decl":{"start":{"line":33,"column":30},"end":{"line":33,"column":35}},"loc":{"start":{"line":33,"column":52},"end":{"line":71,"column":5}},"line":33},"5":{"name":"renderMetrics","decl":{"start":{"line":73,"column":13},"end":{"line":73,"column":26}},"loc":{"start":{"line":73,"column":29},"end":{"line":108,"column":null}},"line":73},"6":{"name":"(anonymous_6)","decl":{"start":{"line":110,"column":46},"end":{"line":110,"column":51}},"loc":{"start":{"line":110,"column":69},"end":{"line":112,"column":5}},"line":110}},"branchMap":{"0":{"loc":{"start":{"line":35,"column":21},"end":{"line":35,"column":67}},"type":"binary-expr","locations":[{"start":{"line":35,"column":21},"end":{"line":35,"column":42}},{"start":{"line":35,"column":46},"end":{"line":35,"column":67}}],"line":35},"1":{"loc":{"start":{"line":40,"column":8},"end":{"line":43,"column":null}},"type":"if","locations":[{"start":{"line":40,"column":8},"end":{"line":43,"column":null}},{"start":{},"end":{}}],"line":40},"2":{"loc":{"start":{"line":45,"column":8},"end":{"line":48,"column":null}},"type":"if","locations":[{"start":{"line":45,"column":8},"end":{"line":48,"column":null}},{"start":{},"end":{}}],"line":45},"3":{"loc":{"start":{"line":49,"column":29},"end":{"line":49,"column":53}},"type":"binary-expr","locations":[{"start":{"line":49,"column":29},"end":{"line":49,"column":48}},{"start":{"line":49,"column":52},"end":{"line":49,"column":53}}],"line":49},"4":{"loc":{"start":{"line":54,"column":8},"end":{"line":58,"column":null}},"type":"if","locations":[{"start":{"line":54,"column":8},"end":{"line":58,"column":null}},{"start":{},"end":{}}],"line":54},"5":{"loc":{"start":{"line":61,"column":12},"end":{"line":66,"column":null}},"type":"if","locations":[{"start":{"line":61,"column":12},"end":{"line":66,"column":null}},{"start":{},"end":{}}],"line":61}},"s":{"0":7,"1":7,"2":7,"3":7,"4":0,"5":7,"6":0,"7":7,"8":148,"9":7,"10":148,"11":148,"12":148,"13":148,"14":148,"15":148,"16":16,"17":16,"18":148,"19":148,"20":36,"21":36,"22":148,"23":148,"24":148,"25":148,"26":148,"27":36,"28":36,"29":148,"30":148,"31":190,"32":148,"33":148,"34":1586,"35":148,"36":148,"37":148,"38":0,"39":0,"40":0,"41":0,"42":0,"43":0,"44":0,"45":0,"46":0,"47":0,"48":0,"49":0,"50":0,"51":0,"52":0,"53":0,"54":0,"55":0,"56":0,"57":0,"58":0,"59":0,"60":0,"61":0,"62":0,"63":0,"64":7,"65":0},"f":{"0":7,"1":0,"2":0,"3":148,"4":148,"5":0,"6":0},"b":{"0":[148,0],"1":[16,132],"2":[36,112],"3":[148,76],"4":[36,112],"5":[148,42]},"meta":{"lastBranch":6,"lastFunction":7,"lastStatement":66,"seen":{"f:1:22:1:35":0,"s:2:22:2:32":0,"s:4:30:8:5":1,"s:10:34:15:5":2,"s:17:29:22:5":3,"f:21:18:21:19":1,"s:21:24:21:54":4,"s:23:24:28:5":5,"f:27:18:27:19":2,"s:27:24:27:55":6,"s:30:4:32:Infinity":7,"f:30:29:30:34":3,"s:31:8:31:Infinity":8,"s:33:4:71:Infinity":9,"f:33:30:33:35":4,"s:34:23:34:33":10,"s:35:21:35:67":11,"b:35:21:35:42:35:46:35:67":0,"s:36:23:36:47":12,"s:37:27:37:62":13,"s:39:24:39:60":14,"b:40:8:43:Infinity:undefined:undefined:undefined:undefined":1,"s:40:8:43:Infinity":15,"s:41:12:41:Infinity":16,"s:42:12:42:Infinity":17,"s:44:22:44:41":18,"b:45:8:48:Infinity:undefined:undefined:undefined:undefined":2,"s:45:8:48:Infinity":19,"s:46:12:46:Infinity":20,"s:47:12:47:Infinity":21,"s:49:29:49:53":22,"b:49:29:49:48:49:52:49:53":3,"s:50:8:50:Infinity":23,"s:52:24:52:43":24,"s:53:26:53:68":25,"b:54:8:58:Infinity:undefined:undefined:undefined:undefined":4,"s:54:8:58:Infinity":26,"s:56:12:56:Infinity":27,"s:57:12:57:Infinity":28,"s:60:8:67:Infinity":29,"s:60:21:60:22":30,"b:61:12:66:Infinity:undefined:undefined:undefined:undefined":5,"s:61:12:66:Infinity":31,"s:62:16:64:Infinity":32,"s:62:29:62:30":33,"s:63:20:63:Infinity":34,"s:65:16:65:Infinity":35,"s:69:8:69:72":36,"s:70:8:70:64":37,"f:73:13:73:26":5,"s:74:22:74:24":38,"s:76:8:76:Infinity":39,"s:77:8:77:Infinity":40,"s:78:8:84:Infinity":41,"s:79:12:83:Infinity":42,"s:80:16:82:Infinity":43,"s:81:20:81:Infinity":44,"s:86:8:86:Infinity":45,"s:87:8:87:Infinity":46,"s:88:8:99:Infinity":47,"s:89:29:89:47":48,"s:90:27:90:51":49,"s:91:25:91:50":50,"s:92:28:92:57":51,"s:93:12:95:Infinity":52,"s:93:25:93:26":53,"s:94:16:94:Infinity":54,"s:96:12:96:Infinity":55,"s:97:12:97:Infinity":56,"s:98:12:98:Infinity":57,"s:101:8:106:Infinity":58,"s:102:12:102:Infinity":59,"s:103:12:103:Infinity":60,"s:104:12:104:Infinity":61,"s:105:12:105:Infinity":62,"s:107:8:107:Infinity":63,"s:110:4:112:Infinity":64,"f:110:46:110:51":6,"s:111:8:111:Infinity":65}}}
,"/root/entertainment-exchange/apps/api/dist/apps/api/src/plugins/rate-limit.plugin.js": {"path":"/root/entertainment-exchange/apps/api/dist/apps/api/src/plugins/rate-limit.plugin.js","statementMap":{"0":{"start":{"line":1,"column":24},"end":{"line":4,"column":1}},"1":{"start":{"line":6,"column":21},"end":{"line":6,"column":53}},"2":{"start":{"line":8,"column":17},"end":{"line":8,"column":51}},"3":{"start":{"line":9,"column":23},"end":{"line":9,"column":47}},"4":{"start":{"line":11,"column":20},"end":{"line":11,"column":29}},"5":{"start":{"line":16,"column":28},"end":{"line":24,"column":14}},"6":{"start":{"line":17,"column":20},"end":{"line":17,"column":30}},"7":{"start":{"line":18,"column":23},"end":{"line":18,"column":46}},"8":{"start":{"line":19,"column":8},"end":{"line":23,"column":null}},"9":{"start":{"line":20,"column":12},"end":{"line":22,"column":null}},"10":{"start":{"line":21,"column":16},"end":{"line":21,"column":null}},"11":{"start":{"line":26,"column":4},"end":{"line":28,"column":null}},"12":{"start":{"line":27,"column":8},"end":{"line":27,"column":null}},"13":{"start":{"line":29,"column":4},"end":{"line":59,"column":null}},"14":{"start":{"line":31,"column":8},"end":{"line":32,"column":null}},"15":{"start":{"line":32,"column":12},"end":{"line":32,"column":null}},"16":{"start":{"line":33,"column":19},"end":{"line":33,"column":35}},"17":{"start":{"line":34,"column":20},"end":{"line":34,"column":30}},"18":{"start":{"line":35,"column":21},"end":{"line":35,"column":36}},"19":{"start":{"line":36,"column":8},"end":{"line":39,"column":null}},"20":{"start":{"line":37,"column":12},"end":{"line":37,"column":null}},"21":{"start":{"line":38,"column":12},"end":{"line":38,"column":null}},"22":{"start":{"line":41,"column":24},"end":{"line":41,"column":47}},"23":{"start":{"line":42,"column":8},"end":{"line":45,"column":null}},"24":{"start":{"line":43,"column":30},"end":{"line":43,"column":50}},"25":{"start":{"line":44,"column":12},"end":{"line":44,"column":null}},"26":{"start":{"line":46,"column":8},"end":{"line":46,"column":null}},"27":{"start":{"line":48,"column":8},"end":{"line":57,"column":null}},"28":{"start":{"line":49,"column":31},"end":{"line":49,"column":81}},"29":{"start":{"line":50,"column":12},"end":{"line":56,"column":null}},"30":{"start":{"line":58,"column":8},"end":{"line":58,"column":null}},"31":{"start":{"line":63,"column":16},"end":{"line":63,"column":46}},"32":{"start":{"line":64,"column":4},"end":{"line":66,"column":null}},"33":{"start":{"line":65,"column":8},"end":{"line":65,"column":null}},"34":{"start":{"line":67,"column":19},"end":{"line":67,"column":43}},"35":{"start":{"line":68,"column":4},"end":{"line":70,"column":null}},"36":{"start":{"line":69,"column":8},"end":{"line":69,"column":null}},"37":{"start":{"line":71,"column":4},"end":{"line":71,"column":null}}},"fnMap":{"0":{"name":"rateLimitPlugin","decl":{"start":{"line":7,"column":22},"end":{"line":7,"column":37}},"loc":{"start":{"line":7,"column":57},"end":{"line":60,"column":null}},"line":7},"1":{"name":"(anonymous_1)","decl":{"start":{"line":16,"column":40},"end":{"line":16,"column":41}},"loc":{"start":{"line":16,"column":46},"end":{"line":24,"column":5}},"line":16},"2":{"name":"(anonymous_2)","decl":{"start":{"line":29,"column":29},"end":{"line":29,"column":34}},"loc":{"start":{"line":29,"column":51},"end":{"line":59,"column":5}},"line":29},"3":{"name":"getClientIp","decl":{"start":{"line":62,"column":9},"end":{"line":62,"column":20}},"loc":{"start":{"line":62,"column":26},"end":{"line":72,"column":null}},"line":62}},"branchMap":{"0":{"loc":{"start":{"line":7,"column":43},"end":{"line":7,"column":55}},"type":"default-arg","locations":[{"start":{"line":7,"column":53},"end":{"line":7,"column":55}}],"line":7},"1":{"loc":{"start":{"line":20,"column":12},"end":{"line":22,"column":null}},"type":"if","locations":[{"start":{"line":20,"column":12},"end":{"line":22,"column":null}},{"start":{},"end":{}}],"line":20},"2":{"loc":{"start":{"line":26,"column":4},"end":{"line":28,"column":null}},"type":"if","locations":[{"start":{"line":26,"column":4},"end":{"line":28,"column":null}},{"start":{},"end":{}}],"line":26},"3":{"loc":{"start":{"line":31,"column":8},"end":{"line":32,"column":null}},"type":"if","locations":[{"start":{"line":31,"column":8},"end":{"line":32,"column":null}},{"start":{},"end":{}}],"line":31},"4":{"loc":{"start":{"line":36,"column":8},"end":{"line":39,"column":null}},"type":"if","locations":[{"start":{"line":36,"column":8},"end":{"line":39,"column":null}},{"start":{},"end":{}}],"line":36},"5":{"loc":{"start":{"line":42,"column":8},"end":{"line":45,"column":null}},"type":"if","locations":[{"start":{"line":42,"column":8},"end":{"line":45,"column":null}},{"start":{},"end":{}}],"line":42},"6":{"loc":{"start":{"line":48,"column":8},"end":{"line":57,"column":null}},"type":"if","locations":[{"start":{"line":48,"column":8},"end":{"line":57,"column":null}},{"start":{},"end":{}}],"line":48},"7":{"loc":{"start":{"line":64,"column":4},"end":{"line":66,"column":null}},"type":"if","locations":[{"start":{"line":64,"column":4},"end":{"line":66,"column":null}},{"start":{},"end":{}}],"line":64},"8":{"loc":{"start":{"line":68,"column":4},"end":{"line":70,"column":null}},"type":"if","locations":[{"start":{"line":68,"column":4},"end":{"line":70,"column":null}},{"start":{},"end":{}}],"line":68}},"s":{"0":7,"1":7,"2":7,"3":7,"4":7,"5":7,"6":0,"7":0,"8":0,"9":0,"10":0,"11":7,"12":7,"13":7,"14":148,"15":0,"16":148,"17":148,"18":148,"19":148,"20":7,"21":7,"22":148,"23":148,"24":141,"25":141,"26":148,"27":148,"28":0,"29":0,"30":148,"31":148,"32":148,"33":0,"34":148,"35":148,"36":0,"37":148},"f":{"0":7,"1":0,"2":148,"3":148},"b":{"0":[7],"1":[0,0],"2":[7,0],"3":[0,148],"4":[7,141],"5":[141,7],"6":[0,148],"7":[0,148],"8":[0,148]},"meta":{"lastBranch":9,"lastFunction":4,"lastStatement":38,"seen":{"s:1:24:4:1":0,"s:6:21:6:53":1,"f:7:22:7:37":0,"b:7:53:7:55":0,"s:8:17:8:51":2,"s:9:23:9:47":3,"s:11:20:11:29":4,"s:16:28:24:14":5,"f:16:40:16:41":1,"s:17:20:17:30":6,"s:18:23:18:46":7,"s:19:8:23:Infinity":8,"b:20:12:22:Infinity:undefined:undefined:undefined:undefined":1,"s:20:12:22:Infinity":9,"s:21:16:21:Infinity":10,"b:26:4:28:Infinity:undefined:undefined:undefined:undefined":2,"s:26:4:28:Infinity":11,"s:27:8:27:Infinity":12,"s:29:4:59:Infinity":13,"f:29:29:29:34":2,"b:31:8:32:Infinity:undefined:undefined:undefined:undefined":3,"s:31:8:32:Infinity":14,"s:32:12:32:Infinity":15,"s:33:19:33:35":16,"s:34:20:34:30":17,"s:35:21:35:36":18,"b:36:8:39:Infinity:undefined:undefined:undefined:undefined":4,"s:36:8:39:Infinity":19,"s:37:12:37:Infinity":20,"s:38:12:38:Infinity":21,"s:41:24:41:47":22,"b:42:8:45:Infinity:undefined:undefined:undefined:undefined":5,"s:42:8:45:Infinity":23,"s:43:30:43:50":24,"s:44:12:44:Infinity":25,"s:46:8:46:Infinity":26,"b:48:8:57:Infinity:undefined:undefined:undefined:undefined":6,"s:48:8:57:Infinity":27,"s:49:31:49:81":28,"s:50:12:56:Infinity":29,"s:58:8:58:Infinity":30,"f:62:9:62:20":3,"s:63:16:63:46":31,"b:64:4:66:Infinity:undefined:undefined:undefined:undefined":7,"s:64:4:66:Infinity":32,"s:65:8:65:Infinity":33,"s:67:19:67:43":34,"b:68:4:70:Infinity:undefined:undefined:undefined:undefined":8,"s:68:4:70:Infinity":35,"s:69:8:69:Infinity":36,"s:71:4:71:Infinity":37}}}
,"/root/entertainment-exchange/apps/api/dist/apps/api/src/plugins/sanitize.plugin.js": {"path":"/root/entertainment-exchange/apps/api/dist/apps/api/src/plugins/sanitize.plugin.js","statementMap":{"0":{"start":{"line":3,"column":25},"end":{"line":3,"column":36}},"1":{"start":{"line":4,"column":22},"end":{"line":4,"column":41}},"2":{"start":{"line":6,"column":20},"end":{"line":6,"column":32}},"3":{"start":{"line":7,"column":4},"end":{"line":7,"column":null}},"4":{"start":{"line":8,"column":4},"end":{"line":10,"column":null}},"5":{"start":{"line":9,"column":8},"end":{"line":9,"column":null}},"6":{"start":{"line":11,"column":4},"end":{"line":11,"column":null}},"7":{"start":{"line":14,"column":4},"end":{"line":16,"column":null}},"8":{"start":{"line":15,"column":8},"end":{"line":15,"column":null}},"9":{"start":{"line":17,"column":4},"end":{"line":19,"column":null}},"10":{"start":{"line":18,"column":8},"end":{"line":18,"column":null}},"11":{"start":{"line":18,"column":42},"end":{"line":18,"column":85}},"12":{"start":{"line":20,"column":4},"end":{"line":26,"column":null}},"13":{"start":{"line":21,"column":23},"end":{"line":21,"column":25}},"14":{"start":{"line":22,"column":8},"end":{"line":24,"column":null}},"15":{"start":{"line":23,"column":12},"end":{"line":23,"column":null}},"16":{"start":{"line":25,"column":8},"end":{"line":25,"column":null}},"17":{"start":{"line":27,"column":4},"end":{"line":27,"column":null}},"18":{"start":{"line":30,"column":27},"end":{"line":43,"column":1}},"19":{"start":{"line":45,"column":17},"end":{"line":45,"column":19}},"20":{"start":{"line":46,"column":4},"end":{"line":50,"column":null}},"21":{"start":{"line":47,"column":8},"end":{"line":49,"column":null}},"22":{"start":{"line":48,"column":12},"end":{"line":48,"column":null}},"23":{"start":{"line":51,"column":4},"end":{"line":51,"column":null}},"24":{"start":{"line":54,"column":20},"end":{"line":54,"column":24}},"25":{"start":{"line":56,"column":4},"end":{"line":56,"column":null}},"26":{"start":{"line":59,"column":4},"end":{"line":60,"column":null}},"27":{"start":{"line":60,"column":8},"end":{"line":60,"column":null}},"28":{"start":{"line":61,"column":4},"end":{"line":67,"column":null}},"29":{"start":{"line":62,"column":8},"end":{"line":62,"column":null}},"30":{"start":{"line":66,"column":8},"end":{"line":66,"column":null}},"31":{"start":{"line":71,"column":4},"end":{"line":81,"column":null}},"32":{"start":{"line":72,"column":8},"end":{"line":72,"column":null}},"33":{"start":{"line":74,"column":9},"end":{"line":81,"column":null}},"34":{"start":{"line":75,"column":8},"end":{"line":76,"column":null}},"35":{"start":{"line":76,"column":12},"end":{"line":76,"column":null}},"36":{"start":{"line":78,"column":9},"end":{"line":81,"column":null}},"37":{"start":{"line":79,"column":8},"end":{"line":80,"column":null}},"38":{"start":{"line":80,"column":12},"end":{"line":80,"column":null}},"39":{"start":{"line":82,"column":4},"end":{"line":82,"column":null}},"40":{"start":{"line":85,"column":4},"end":{"line":125,"column":null}},"41":{"start":{"line":87,"column":8},"end":{"line":90,"column":null}},"42":{"start":{"line":88,"column":30},"end":{"line":88,"column":69}},"43":{"start":{"line":89,"column":12},"end":{"line":89,"column":null}},"44":{"start":{"line":91,"column":8},"end":{"line":99,"column":null}},"45":{"start":{"line":92,"column":26},"end":{"line":92,"column":35}},"46":{"start":{"line":93,"column":12},"end":{"line":98,"column":null}},"47":{"start":{"line":94,"column":28},"end":{"line":94,"column":38}},"48":{"start":{"line":95,"column":16},"end":{"line":97,"column":null}},"49":{"start":{"line":96,"column":20},"end":{"line":96,"column":null}},"50":{"start":{"line":100,"column":8},"end":{"line":100,"column":null}},"51":{"start":{"line":102,"column":27},"end":{"line":102,"column":29}},"52":{"start":{"line":103,"column":8},"end":{"line":104,"column":null}},"53":{"start":{"line":104,"column":12},"end":{"line":104,"column":null}},"54":{"start":{"line":105,"column":8},"end":{"line":106,"column":null}},"55":{"start":{"line":106,"column":12},"end":{"line":106,"column":null}},"56":{"start":{"line":107,"column":24},"end":{"line":107,"column":26}},"57":{"start":{"line":108,"column":8},"end":{"line":110,"column":null}},"58":{"start":{"line":109,"column":12},"end":{"line":109,"column":null}},"59":{"start":{"line":112,"column":25},"end":{"line":112,"column":68}},"60":{"start":{"line":112,"column":45},"end":{"line":112,"column":67}},"61":{"start":{"line":113,"column":8},"end":{"line":115,"column":null}},"62":{"start":{"line":114,"column":12},"end":{"line":114,"column":null}},"63":{"start":{"line":114,"column":78},"end":{"line":114,"column":84}},"64":{"start":{"line":117,"column":24},"end":{"line":117,"column":66}},"65":{"start":{"line":117,"column":44},"end":{"line":117,"column":65}},"66":{"start":{"line":118,"column":8},"end":{"line":124,"column":null}},"67":{"start":{"line":119,"column":29},"end":{"line":119,"column":51}},"68":{"start":{"line":120,"column":27},"end":{"line":120,"column":54}},"69":{"start":{"line":121,"column":12},"end":{"line":123,"column":null}},"70":{"start":{"line":122,"column":16},"end":{"line":122,"column":null}}},"fnMap":{"0":{"name":"sanitizeString","decl":{"start":{"line":5,"column":9},"end":{"line":5,"column":23}},"loc":{"start":{"line":5,"column":40},"end":{"line":12,"column":null}},"line":5},"1":{"name":"sanitizeValue","decl":{"start":{"line":13,"column":9},"end":{"line":13,"column":22}},"loc":{"start":{"line":13,"column":39},"end":{"line":28,"column":null}},"line":13},"2":{"name":"(anonymous_2)","decl":{"start":{"line":18,"column":25},"end":{"line":18,"column":26}},"loc":{"start":{"line":18,"column":42},"end":{"line":18,"column":85}},"line":18},"3":{"name":"scanInjection","decl":{"start":{"line":44,"column":9},"end":{"line":44,"column":22}},"loc":{"start":{"line":44,"column":29},"end":{"line":52,"column":null}},"line":44},"4":{"name":"setInjectionClassifier","decl":{"start":{"line":55,"column":16},"end":{"line":55,"column":38}},"loc":{"start":{"line":55,"column":43},"end":{"line":57,"column":null}},"line":55},"5":{"name":"llmClassify","decl":{"start":{"line":58,"column":15},"end":{"line":58,"column":26}},"loc":{"start":{"line":58,"column":33},"end":{"line":68,"column":null}},"line":58},"6":{"name":"collectStrings","decl":{"start":{"line":70,"column":9},"end":{"line":70,"column":23}},"loc":{"start":{"line":70,"column":39},"end":{"line":83,"column":null}},"line":70},"7":{"name":"sanitizePlugin","decl":{"start":{"line":84,"column":22},"end":{"line":84,"column":36}},"loc":{"start":{"line":84,"column":42},"end":{"line":126,"column":null}},"line":84},"8":{"name":"(anonymous_8)","decl":{"start":{"line":85,"column":30},"end":{"line":85,"column":35}},"loc":{"start":{"line":85,"column":45},"end":{"line":125,"column":5}},"line":85},"9":{"name":"(anonymous_9)","decl":{"start":{"line":112,"column":40},"end":{"line":112,"column":41}},"loc":{"start":{"line":112,"column":45},"end":{"line":112,"column":67}},"line":112},"10":{"name":"(anonymous_10)","decl":{"start":{"line":114,"column":73},"end":{"line":114,"column":74}},"loc":{"start":{"line":114,"column":78},"end":{"line":114,"column":84}},"line":114},"11":{"name":"(anonymous_11)","decl":{"start":{"line":117,"column":39},"end":{"line":117,"column":40}},"loc":{"start":{"line":117,"column":44},"end":{"line":117,"column":65}},"line":117}},"branchMap":{"0":{"loc":{"start":{"line":8,"column":4},"end":{"line":10,"column":null}},"type":"if","locations":[{"start":{"line":8,"column":4},"end":{"line":10,"column":null}},{"start":{},"end":{}}],"line":8},"1":{"loc":{"start":{"line":14,"column":4},"end":{"line":16,"column":null}},"type":"if","locations":[{"start":{"line":14,"column":4},"end":{"line":16,"column":null}},{"start":{},"end":{}}],"line":14},"2":{"loc":{"start":{"line":17,"column":4},"end":{"line":19,"column":null}},"type":"if","locations":[{"start":{"line":17,"column":4},"end":{"line":19,"column":null}},{"start":{},"end":{}}],"line":17},"3":{"loc":{"start":{"line":20,"column":4},"end":{"line":26,"column":null}},"type":"if","locations":[{"start":{"line":20,"column":4},"end":{"line":26,"column":null}},{"start":{},"end":{}}],"line":20},"4":{"loc":{"start":{"line":20,"column":8},"end":{"line":20,"column":51}},"type":"binary-expr","locations":[{"start":{"line":20,"column":8},"end":{"line":20,"column":22}},{"start":{"line":20,"column":26},"end":{"line":20,"column":51}}],"line":20},"5":{"loc":{"start":{"line":47,"column":8},"end":{"line":49,"column":null}},"type":"if","locations":[{"start":{"line":47,"column":8},"end":{"line":49,"column":null}},{"start":{},"end":{}}],"line":47},"6":{"loc":{"start":{"line":59,"column":4},"end":{"line":60,"column":null}},"type":"if","locations":[{"start":{"line":59,"column":4},"end":{"line":60,"column":null}},{"start":{},"end":{}}],"line":59},"7":{"loc":{"start":{"line":70,"column":29},"end":{"line":70,"column":37}},"type":"default-arg","locations":[{"start":{"line":70,"column":35},"end":{"line":70,"column":37}}],"line":70},"8":{"loc":{"start":{"line":71,"column":4},"end":{"line":81,"column":null}},"type":"if","locations":[{"start":{"line":71,"column":4},"end":{"line":81,"column":null}},{"start":{"line":74,"column":9},"end":{"line":81,"column":null}}],"line":71},"9":{"loc":{"start":{"line":74,"column":9},"end":{"line":81,"column":null}},"type":"if","locations":[{"start":{"line":74,"column":9},"end":{"line":81,"column":null}},{"start":{"line":78,"column":9},"end":{"line":81,"column":null}}],"line":74},"10":{"loc":{"start":{"line":78,"column":9},"end":{"line":81,"column":null}},"type":"if","locations":[{"start":{"line":78,"column":9},"end":{"line":81,"column":null}},{"start":{},"end":{}}],"line":78},"11":{"loc":{"start":{"line":78,"column":13},"end":{"line":78,"column":52}},"type":"binary-expr","locations":[{"start":{"line":78,"column":13},"end":{"line":78,"column":25}},{"start":{"line":78,"column":29},"end":{"line":78,"column":52}}],"line":78},"12":{"loc":{"start":{"line":87,"column":8},"end":{"line":90,"column":null}},"type":"if","locations":[{"start":{"line":87,"column":8},"end":{"line":90,"column":null}},{"start":{},"end":{}}],"line":87},"13":{"loc":{"start":{"line":87,"column":12},"end":{"line":87,"column":52}},"type":"binary-expr","locations":[{"start":{"line":87,"column":12},"end":{"line":87,"column":20}},{"start":{"line":87,"column":24},"end":{"line":87,"column":52}}],"line":87},"14":{"loc":{"start":{"line":91,"column":8},"end":{"line":99,"column":null}},"type":"if","locations":[{"start":{"line":91,"column":8},"end":{"line":99,"column":null}},{"start":{},"end":{}}],"line":91},"15":{"loc":{"start":{"line":95,"column":16},"end":{"line":97,"column":null}},"type":"if","locations":[{"start":{"line":95,"column":16},"end":{"line":97,"column":null}},{"start":{},"end":{}}],"line":95},"16":{"loc":{"start":{"line":103,"column":8},"end":{"line":104,"column":null}},"type":"if","locations":[{"start":{"line":103,"column":8},"end":{"line":104,"column":null}},{"start":{},"end":{}}],"line":103},"17":{"loc":{"start":{"line":105,"column":8},"end":{"line":106,"column":null}},"type":"if","locations":[{"start":{"line":105,"column":8},"end":{"line":106,"column":null}},{"start":{},"end":{}}],"line":105},"18":{"loc":{"start":{"line":113,"column":8},"end":{"line":115,"column":null}},"type":"if","locations":[{"start":{"line":113,"column":8},"end":{"line":115,"column":null}},{"start":{},"end":{}}],"line":113},"19":{"loc":{"start":{"line":118,"column":8},"end":{"line":124,"column":null}},"type":"if","locations":[{"start":{"line":118,"column":8},"end":{"line":124,"column":null}},{"start":{},"end":{}}],"line":118},"20":{"loc":{"start":{"line":121,"column":12},"end":{"line":123,"column":null}},"type":"if","locations":[{"start":{"line":121,"column":12},"end":{"line":123,"column":null}},{"start":{},"end":{}}],"line":121},"21":{"loc":{"start":{"line":121,"column":16},"end":{"line":121,"column":59}},"type":"binary-expr","locations":[{"start":{"line":121,"column":16},"end":{"line":121,"column":32}},{"start":{"line":121,"column":36},"end":{"line":121,"column":59}}],"line":121}},"s":{"0":7,"1":7,"2":304,"3":304,"4":304,"5":0,"6":304,"7":467,"8":298,"9":169,"10":10,"11":17,"12":159,"13":120,"14":120,"15":350,"16":120,"17":39,"18":7,"19":304,"20":304,"21":2736,"22":0,"23":304,"24":7,"25":0,"26":0,"27":0,"28":0,"29":0,"30":0,"31":621,"32":304,"33":317,"34":10,"35":17,"36":307,"37":268,"38":356,"39":621,"40":7,"41":148,"42":100,"43":100,"44":148,"45":148,"46":148,"47":6,"48":6,"49":6,"50":148,"51":148,"52":148,"53":100,"54":148,"55":148,"56":148,"57":148,"58":304,"59":148,"60":0,"61":148,"62":0,"63":0,"64":148,"65":0,"66":148,"67":0,"68":0,"69":0,"70":0},"f":{"0":304,"1":467,"2":17,"3":304,"4":0,"5":0,"6":621,"7":7,"8":148,"9":0,"10":0,"11":0},"b":{"0":[0,304],"1":[298,169],"2":[10,159],"3":[120,39],"4":[159,159],"5":[0,2736],"6":[0,0],"7":[621],"8":[304,317],"9":[10,307],"10":[268,39],"11":[307,307],"12":[100,48],"13":[148,100],"14":[148,0],"15":[6,0],"16":[100,48],"17":[148,0],"18":[0,148],"19":[0,148],"20":[0,0],"21":[0,0]},"meta":{"lastBranch":22,"lastFunction":12,"lastStatement":71,"seen":{"s:3:25:3:36":0,"s:4:22:4:41":1,"f:5:9:5:23":0,"s:6:20:6:32":2,"s:7:4:7:Infinity":3,"b:8:4:10:Infinity:undefined:undefined:undefined:undefined":0,"s:8:4:10:Infinity":4,"s:9:8:9:Infinity":5,"s:11:4:11:Infinity":6,"f:13:9:13:22":1,"b:14:4:16:Infinity:undefined:undefined:undefined:undefined":1,"s:14:4:16:Infinity":7,"s:15:8:15:Infinity":8,"b:17:4:19:Infinity:undefined:undefined:undefined:undefined":2,"s:17:4:19:Infinity":9,"s:18:8:18:Infinity":10,"f:18:25:18:26":2,"s:18:42:18:85":11,"b:20:4:26:Infinity:undefined:undefined:undefined:undefined":3,"s:20:4:26:Infinity":12,"b:20:8:20:22:20:26:20:51":4,"s:21:23:21:25":13,"s:22:8:24:Infinity":14,"s:23:12:23:Infinity":15,"s:25:8:25:Infinity":16,"s:27:4:27:Infinity":17,"s:30:27:43:1":18,"f:44:9:44:22":3,"s:45:17:45:19":19,"s:46:4:50:Infinity":20,"b:47:8:49:Infinity:undefined:undefined:undefined:undefined":5,"s:47:8:49:Infinity":21,"s:48:12:48:Infinity":22,"s:51:4:51:Infinity":23,"s:54:20:54:24":24,"f:55:16:55:38":4,"s:56:4:56:Infinity":25,"f:58:15:58:26":5,"b:59:4:60:Infinity:undefined:undefined:undefined:undefined":6,"s:59:4:60:Infinity":26,"s:60:8:60:Infinity":27,"s:61:4:67:Infinity":28,"s:62:8:62:Infinity":29,"s:66:8:66:Infinity":30,"f:70:9:70:23":6,"b:70:35:70:37":7,"b:71:4:81:Infinity:74:9:81:Infinity":8,"s:71:4:81:Infinity":31,"s:72:8:72:Infinity":32,"b:74:9:81:Infinity:78:9:81:Infinity":9,"s:74:9:81:Infinity":33,"s:75:8:76:Infinity":34,"s:76:12:76:Infinity":35,"b:78:9:81:Infinity:undefined:undefined:undefined:undefined":10,"s:78:9:81:Infinity":36,"b:78:13:78:25:78:29:78:52":11,"s:79:8:80:Infinity":37,"s:80:12:80:Infinity":38,"s:82:4:82:Infinity":39,"f:84:22:84:36":7,"s:85:4:125:Infinity":40,"f:85:30:85:35":8,"b:87:8:90:Infinity:undefined:undefined:undefined:undefined":12,"s:87:8:90:Infinity":41,"b:87:12:87:20:87:24:87:52":13,"s:88:30:88:69":42,"s:89:12:89:Infinity":43,"b:91:8:99:Infinity:undefined:undefined:undefined:undefined":14,"s:91:8:99:Infinity":44,"s:92:26:92:35":45,"s:93:12:98:Infinity":46,"s:94:28:94:38":47,"b:95:16:97:Infinity:undefined:undefined:undefined:undefined":15,"s:95:16:97:Infinity":48,"s:96:20:96:Infinity":49,"s:100:8:100:Infinity":50,"s:102:27:102:29":51,"b:103:8:104:Infinity:undefined:undefined:undefined:undefined":16,"s:103:8:104:Infinity":52,"s:104:12:104:Infinity":53,"b:105:8:106:Infinity:undefined:undefined:undefined:undefined":17,"s:105:8:106:Infinity":54,"s:106:12:106:Infinity":55,"s:107:24:107:26":56,"s:108:8:110:Infinity":57,"s:109:12:109:Infinity":58,"s:112:25:112:68":59,"f:112:40:112:41":9,"s:112:45:112:67":60,"b:113:8:115:Infinity:undefined:undefined:undefined:undefined":18,"s:113:8:115:Infinity":61,"s:114:12:114:Infinity":62,"f:114:73:114:74":10,"s:114:78:114:84":63,"s:117:24:117:66":64,"f:117:39:117:40":11,"s:117:44:117:65":65,"b:118:8:124:Infinity:undefined:undefined:undefined:undefined":19,"s:118:8:124:Infinity":66,"s:119:29:119:51":67,"s:120:27:120:54":68,"b:121:12:123:Infinity:undefined:undefined:undefined:undefined":20,"s:121:12:123:Infinity":69,"b:121:16:121:32:121:36:121:59":21,"s:122:16:122:Infinity":70}}}
,"/root/entertainment-exchange/apps/api/dist/apps/api/src/routes/agent.js": {"path":"/root/entertainment-exchange/apps/api/dist/apps/api/src/routes/agent.js","statementMap":{"0":{"start":{"line":6,"column":26},"end":{"line":13,"column":2}},"1":{"start":{"line":14,"column":24},"end":{"line":16,"column":2}},"2":{"start":{"line":17,"column":15},"end":{"line":17,"column":40}},"3":{"start":{"line":18,"column":18},"end":{"line":18,"column":27}},"4":{"start":{"line":19,"column":20},"end":{"line":19,"column":36}},"5":{"start":{"line":21,"column":4},"end":{"line":25,"column":null}},"6":{"start":{"line":28,"column":4},"end":{"line":47,"column":null}},"7":{"start":{"line":29,"column":20},"end":{"line":29,"column":27}},"8":{"start":{"line":30,"column":8},"end":{"line":31,"column":null}},"9":{"start":{"line":31,"column":12},"end":{"line":31,"column":null}},"10":{"start":{"line":32,"column":8},"end":{"line":33,"column":null}},"11":{"start":{"line":33,"column":12},"end":{"line":33,"column":null}},"12":{"start":{"line":34,"column":21},"end":{"line":34,"column":54}},"13":{"start":{"line":35,"column":23},"end":{"line":35,"column":30}},"14":{"start":{"line":36,"column":22},"end":{"line":42,"column":9}},"15":{"start":{"line":43,"column":8},"end":{"line":43,"column":null}},"16":{"start":{"line":44,"column":8},"end":{"line":44,"column":null}},"17":{"start":{"line":45,"column":8},"end":{"line":45,"column":null}},"18":{"start":{"line":46,"column":8},"end":{"line":46,"column":null}},"19":{"start":{"line":48,"column":4},"end":{"line":54,"column":null}},"20":{"start":{"line":49,"column":20},"end":{"line":49,"column":27}},"21":{"start":{"line":50,"column":8},"end":{"line":51,"column":null}},"22":{"start":{"line":51,"column":12},"end":{"line":51,"column":null}},"23":{"start":{"line":52,"column":20},"end":{"line":52,"column":44}},"24":{"start":{"line":53,"column":8},"end":{"line":53,"column":null}},"25":{"start":{"line":55,"column":4},"end":{"line":61,"column":null}},"26":{"start":{"line":56,"column":20},"end":{"line":56,"column":27}},"27":{"start":{"line":57,"column":18},"end":{"line":57,"column":43}},"28":{"start":{"line":58,"column":8},"end":{"line":59,"column":null}},"29":{"start":{"line":59,"column":12},"end":{"line":59,"column":null}},"30":{"start":{"line":60,"column":8},"end":{"line":60,"column":null}},"31":{"start":{"line":62,"column":4},"end":{"line":93,"column":null}},"32":{"start":{"line":63,"column":20},"end":{"line":63,"column":27}},"33":{"start":{"line":64,"column":8},"end":{"line":65,"column":null}},"34":{"start":{"line":65,"column":12},"end":{"line":65,"column":null}},"35":{"start":{"line":66,"column":8},"end":{"line":67,"column":null}},"36":{"start":{"line":67,"column":12},"end":{"line":67,"column":null}},"37":{"start":{"line":68,"column":22},"end":{"line":68,"column":47}},"38":{"start":{"line":69,"column":8},"end":{"line":70,"column":null}},"39":{"start":{"line":70,"column":12},"end":{"line":70,"column":null}},"40":{"start":{"line":71,"column":21},"end":{"line":71,"column":52}},"41":{"start":{"line":72,"column":21},"end":{"line":72,"column":28}},"42":{"start":{"line":74,"column":23},"end":{"line":77,"column":10}},"43":{"start":{"line":78,"column":20},"end":{"line":87,"column":9}},"44":{"start":{"line":88,"column":8},"end":{"line":89,"column":null}},"45":{"start":{"line":89,"column":12},"end":{"line":89,"column":null}},"46":{"start":{"line":90,"column":8},"end":{"line":90,"column":null}},"47":{"start":{"line":91,"column":8},"end":{"line":91,"column":null}},"48":{"start":{"line":92,"column":8},"end":{"line":92,"column":null}},"49":{"start":{"line":95,"column":4},"end":{"line":97,"column":null}},"50":{"start":{"line":96,"column":8},"end":{"line":96,"column":null}},"51":{"start":{"line":98,"column":4},"end":{"line":100,"column":null}},"52":{"start":{"line":99,"column":8},"end":{"line":99,"column":null}},"53":{"start":{"line":101,"column":4},"end":{"line":108,"column":null}},"54":{"start":{"line":102,"column":20},"end":{"line":102,"column":27}},"55":{"start":{"line":103,"column":22},"end":{"line":103,"column":47}},"56":{"start":{"line":104,"column":8},"end":{"line":105,"column":null}},"57":{"start":{"line":105,"column":12},"end":{"line":105,"column":null}},"58":{"start":{"line":106,"column":21},"end":{"line":106,"column":50}},"59":{"start":{"line":107,"column":8},"end":{"line":107,"column":null}},"60":{"start":{"line":109,"column":4},"end":{"line":118,"column":null}},"61":{"start":{"line":110,"column":20},"end":{"line":110,"column":27}},"62":{"start":{"line":111,"column":22},"end":{"line":111,"column":47}},"63":{"start":{"line":112,"column":8},"end":{"line":113,"column":null}},"64":{"start":{"line":113,"column":12},"end":{"line":113,"column":null}},"65":{"start":{"line":114,"column":20},"end":{"line":114,"column":88}},"66":{"start":{"line":114,"column":62},"end":{"line":114,"column":87}},"67":{"start":{"line":115,"column":8},"end":{"line":116,"column":null}},"68":{"start":{"line":116,"column":12},"end":{"line":116,"column":null}},"69":{"start":{"line":117,"column":8},"end":{"line":117,"column":null}}},"fnMap":{"0":{"name":"writeAudit","decl":{"start":{"line":20,"column":9},"end":{"line":20,"column":19}},"loc":{"start":{"line":20,"column":81},"end":{"line":26,"column":null}},"line":20},"1":{"name":"agentRoutes","decl":{"start":{"line":27,"column":22},"end":{"line":27,"column":33}},"loc":{"start":{"line":27,"column":39},"end":{"line":119,"column":null}},"line":27},"2":{"name":"(anonymous_2)","decl":{"start":{"line":28,"column":18},"end":{"line":28,"column":23}},"loc":{"start":{"line":28,"column":40},"end":{"line":47,"column":5}},"line":28},"3":{"name":"(anonymous_3)","decl":{"start":{"line":48,"column":17},"end":{"line":48,"column":22}},"loc":{"start":{"line":48,"column":39},"end":{"line":54,"column":5}},"line":48},"4":{"name":"(anonymous_4)","decl":{"start":{"line":55,"column":20},"end":{"line":55,"column":25}},"loc":{"start":{"line":55,"column":42},"end":{"line":61,"column":5}},"line":55},"5":{"name":"(anonymous_5)","decl":{"start":{"line":62,"column":26},"end":{"line":62,"column":31}},"loc":{"start":{"line":62,"column":48},"end":{"line":93,"column":5}},"line":62},"6":{"name":"(anonymous_6)","decl":{"start":{"line":95,"column":31},"end":{"line":95,"column":36}},"loc":{"start":{"line":95,"column":53},"end":{"line":97,"column":5}},"line":95},"7":{"name":"(anonymous_7)","decl":{"start":{"line":98,"column":30},"end":{"line":98,"column":35}},"loc":{"start":{"line":98,"column":52},"end":{"line":100,"column":5}},"line":98},"8":{"name":"(anonymous_8)","decl":{"start":{"line":101,"column":25},"end":{"line":101,"column":30}},"loc":{"start":{"line":101,"column":47},"end":{"line":108,"column":5}},"line":101},"9":{"name":"(anonymous_9)","decl":{"start":{"line":109,"column":32},"end":{"line":109,"column":37}},"loc":{"start":{"line":109,"column":54},"end":{"line":118,"column":5}},"line":109},"10":{"name":"(anonymous_10)","decl":{"start":{"line":114,"column":57},"end":{"line":114,"column":58}},"loc":{"start":{"line":114,"column":62},"end":{"line":114,"column":87}},"line":114}},"branchMap":{"0":{"loc":{"start":{"line":23,"column":75},"end":{"line":23,"column":89}},"type":"binary-expr","locations":[{"start":{"line":23,"column":75},"end":{"line":23,"column":83}},{"start":{"line":23,"column":87},"end":{"line":23,"column":89}}],"line":23},"1":{"loc":{"start":{"line":30,"column":8},"end":{"line":31,"column":null}},"type":"if","locations":[{"start":{"line":30,"column":8},"end":{"line":31,"column":null}},{"start":{},"end":{}}],"line":30},"2":{"loc":{"start":{"line":32,"column":8},"end":{"line":33,"column":null}},"type":"if","locations":[{"start":{"line":32,"column":8},"end":{"line":33,"column":null}},{"start":{},"end":{}}],"line":32},"3":{"loc":{"start":{"line":37,"column":61},"end":{"line":37,"column":84}},"type":"binary-expr","locations":[{"start":{"line":37,"column":61},"end":{"line":37,"column":76}},{"start":{"line":37,"column":80},"end":{"line":37,"column":84}}],"line":37},"4":{"loc":{"start":{"line":40,"column":63},"end":{"line":40,"column":82}},"type":"binary-expr","locations":[{"start":{"line":40,"column":63},"end":{"line":40,"column":76}},{"start":{"line":40,"column":80},"end":{"line":40,"column":82}}],"line":40},"5":{"loc":{"start":{"line":45,"column":58},"end":{"line":45,"column":86}},"type":"binary-expr","locations":[{"start":{"line":45,"column":58},"end":{"line":45,"column":73}},{"start":{"line":45,"column":77},"end":{"line":45,"column":86}}],"line":45},"6":{"loc":{"start":{"line":50,"column":8},"end":{"line":51,"column":null}},"type":"if","locations":[{"start":{"line":50,"column":8},"end":{"line":51,"column":null}},{"start":{},"end":{}}],"line":50},"7":{"loc":{"start":{"line":58,"column":8},"end":{"line":59,"column":null}},"type":"if","locations":[{"start":{"line":58,"column":8},"end":{"line":59,"column":null}},{"start":{},"end":{}}],"line":58},"8":{"loc":{"start":{"line":58,"column":12},"end":{"line":58,"column":45}},"type":"binary-expr","locations":[{"start":{"line":58,"column":12},"end":{"line":58,"column":14}},{"start":{"line":58,"column":18},"end":{"line":58,"column":45}}],"line":58},"9":{"loc":{"start":{"line":64,"column":8},"end":{"line":65,"column":null}},"type":"if","locations":[{"start":{"line":64,"column":8},"end":{"line":6
[...]
,"column":null}}],"line":49},"4":{"loc":{"start":{"line":65,"column":2},"end":{"line":65,"column":null}},"type":"if","locations":[{"start":{"line":65,"column":2},"end":{"line":65,"column":null}},{"start":{},"end":{}}],"line":65},"5":{"loc":{"start":{"line":68,"column":4},"end":{"line":69,"column":null}},"type":"if","locations":[{"start":{"line":68,"column":4},"end":{"line":69,"column":null}},{"start":{},"end":{}}],"line":68},"6":{"loc":{"start":{"line":77,"column":4},"end":{"line":77,"column":null}},"type":"if","locations":[{"start":{"line":77,"column":4},"end":{"line":77,"column":null}},{"start":{},"end":{}}],"line":77},"7":{"loc":{"start":{"line":89,"column":4},"end":{"line":89,"column":null}},"type":"if","locations":[{"start":{"line":89,"column":4},"end":{"line":89,"column":null}},{"start":{},"end":{}}],"line":89},"8":{"loc":{"start":{"line":100,"column":4},"end":{"line":100,"column":null}},"type":"if","locations":[{"start":{"line":100,"column":4},"end":{"line":100,"column":null}},{"start":{},"end":{}}],"line":100},"9":{"loc":{"start":{"line":107,"column":4},"end":{"line":107,"column":null}},"type":"if","locations":[{"start":{"line":107,"column":4},"end":{"line":107,"column":null}},{"start":{},"end":{}}],"line":107},"10":{"loc":{"start":{"line":107,"column":8},"end":{"line":107,"column":34}},"type":"binary-expr","locations":[{"start":{"line":107,"column":8},"end":{"line":107,"column":17}},{"start":{"line":107,"column":17},"end":{"line":107,"column":34}}],"line":107},"11":{"loc":{"start":{"line":112,"column":6},"end":{"line":112,"column":null}},"type":"if","locations":[{"start":{"line":112,"column":6},"end":{"line":112,"column":null}},{"start":{},"end":{}}],"line":112},"12":{"loc":{"start":{"line":119,"column":4},"end":{"line":125,"column":null}},"type":"if","locations":[{"start":{"line":119,"column":4},"end":{"line":125,"column":null}},{"start":{"line":122,"column":11},"end":{"line":125,"column":null}}],"line":119},"13":{"loc":{"start":{"line":119,"column":8},"end":{"line":119,"column":62}},"type":"binary-expr","locations":[{"start":{"line":119,"column":8},"end":{"line":119,"column":41}},{"start":{"line":119,"column":41},"end":{"line":119,"column":62}}],"line":119},"14":{"loc":{"start":{"line":121,"column":6},"end":{"line":121,"column":null}},"type":"if","locations":[{"start":{"line":121,"column":6},"end":{"line":121,"column":null}},{"start":{},"end":{}}],"line":121},"15":{"loc":{"start":{"line":125,"column":6},"end":{"line":125,"column":null}},"type":"if","locations":[{"start":{"line":125,"column":6},"end":{"line":125,"column":null}},{"start":{},"end":{}}],"line":125},"16":{"loc":{"start":{"line":139,"column":6},"end":{"line":139,"column":null}},"type":"if","locations":[{"start":{"line":139,"column":6},"end":{"line":139,"column":null}},{"start":{},"end":{}}],"line":139},"17":{"loc":{"start":{"line":151,"column":4},"end":{"line":151,"column":null}},"type":"if","locations":[{"start":{"line":151,"column":4},"end":{"line":151,"column":null}},{"start":{},"end":{}}],"line":151},"18":{"loc":{"start":{"line":163,"column":6},"end":{"line":163,"column":null}},"type":"if","locations":[{"start":{"line":163,"column":6},"end":{"line":163,"column":null}},{"start":{},"end":{}}],"line":163},"19":{"loc":{"start":{"line":177,"column":4},"end":{"line":177,"column":null}},"type":"if","locations":[{"start":{"line":177,"column":4},"end":{"line":177,"column":null}},{"start":{},"end":{}}],"line":177},"20":{"loc":{"start":{"line":192,"column":11},"end":{"line":192,"column":null}},"type":"cond-expr","locations":[{"start":{"line":192,"column":22},"end":{"line":192,"column":77}},{"start":{"line":192,"column":80},"end":{"line":192,"column":null}}],"line":192},"21":{"loc":{"start":{"line":202,"column":4},"end":{"line":202,"column":null}},"type":"if","locations":[{"start":{"line":202,"column":4},"end":{"line":202,"column":null}},{"start":{},"end":{}}],"line":202},"22":{"loc":{"start":{"line":208,"column":23},"end":{"line":208,"column":43}},"type":"binary-expr","locations":[{"start":{"line":208,"column":23},"end":{"line":208,"column":37}},{"start":{"line":208,"column":37},"end":{"line":208,"column":43}}],"line":208},"23":{"loc":{"start":{"line":208,"column":112},"end":{"line":208,"column":126}},"type":"binary-expr","locations":[{"start":{"line":208,"column":112},"end":{"line":208,"column":124}},{"start":{"line":208,"column":124},"end":{"line":208,"column":126}}],"line":208},"24":{"loc":{"start":{"line":211,"column":6},"end":{"line":211,"column":null}},"type":"if","locations":[{"start":{"line":211,"column":6},"end":{"line":211,"column":null}},{"start":{},"end":{}}],"line":211},"25":{"loc":{"start":{"line":226,"column":4},"end":{"line":226,"column":null}},"type":"if","locations":[{"start":{"line":226,"column":4},"end":{"line":226,"column":null}},{"start":{},"end":{}}],"line":226},"26":{"loc":{"start":{"line":250,"column":37},"end":{"line":250,"column":109}},"type":"binary-expr","locations":[{"start":{"line":250,"column":37},"end":{"line":250,"column":65}},{"start":{"line":250,"column":65},"end":{"line":250,"column":80}},{"start":{"line":250,"column":80},"end":{"line":250,"column":109}}],"line":250},"27":{"loc":{"start":{"line":255,"column":4},"end":{"line":255,"column":null}},"type":"if","locations":[{"start":{"line":255,"column":4},"end":{"line":255,"column":null}},{"start":{},"end":{}}],"line":255},"28":{"loc":{"start":{"line":263,"column":6},"end":{"line":263,"column":null}},"type":"if","locations":[{"start":{"line":263,"column":6},"end":{"line":263,"column":null}},{"start":{},"end":{}}],"line":263},"29":{"loc":{"start":{"line":271,"column":8},"end":{"line":271,"column":null}},"type":"if","locations":[{"start":{"line":271,"column":8},"end":{"line":271,"column":null}},{"start":{},"end":{}}],"line":271},"30":{"loc":{"start":{"line":279,"column":2},"end":{"line":279,"column":null}},"type":"if","locations":[{"start":{"line":279,"column":2},"end":{"line":279,"column":null}},{"start":{},"end":{}}],"line":279}},"s":{"0":0,"1":0,"2":0,"3":0,"4":0,"5":0,"6":0,"7":0,"8":8,"9":8,"10":8,"11":158,"12":0,"13":140,"14":0,"15":140,"16":132,"17":8,"18":8,"19":8,"20":8,"21":0,"22":0,"23":0,"24":140,"25":140,"26":0,"27":8,"28":152,"29":8,"30":8,"31":8,"32":0,"33":0,"34":0,"35":0,"36":0,"37":0,"38":0,"39":0,"40":0,"41":0,"42":0,"43":0,"44":8,"45":8,"46":8,"47":8,"48":8,"49":88,"50":88,"51":88,"52":88,"53":0,"54":0,"55":0,"56":0,"57":0,"58":0,"59":0,"60":0,"61":0,"62":64,"63":3,"64":3,"65":3,"66":61,"67":61,"68":61,"69":61,"70":76,"71":0,"72":0,"73":12,"74":49,"75":9,"76":21,"77":2,"78":7,"79":11,"80":0,"81":64,"82":64,"83":64,"84":0,"85":0,"86":0,"87":0,"88":0,"89":0,"90":0,"91":0,"92":0,"93":0,"94":0,"95":0,"96":0,"97":0,"98":48,"99":48,"100":0,"101":0,"102":0,"103":0,"104":0,"105":0,"106":0,"107":59,"108":59,"109":0,"110":0,"111":1,"112":1,"113":1,"114":0,"115":59,"116":59,"117":59,"118":0,"119":0,"120":0,"121":0,"122":0,"123":0,"124":0,"125":16,"126":16,"127":16,"128":0,"129":0,"130":0,"131":0,"132":0,"133":0,"134":0,"135":0,"136":0,"137":0,"138":0,"139":9,"140":9,"141":9,"142":2,"143":8,"144":1,"145":8,"146":4,"147":11,"148":9,"149":9,"150":9,"151":0,"152":0,"153":0,"154":0,"155":0,"156":0,"157":0,"158":0,"159":0,"160":0,"161":0,"162":0,"163":0,"164":0,"165":0},"f":{"0":0,"1":0,"2":0,"3":0,"4":0,"5":158,"6":0,"7":140,"8":152,"9":8,"10":0,"11":0,"12":8,"13":88,"14":0,"15":64,"16":76,"17":0,"18":0,"19":12,"20":49,"21":9,"22":11,"23":0,"24":64,"25":0,"26":0,"27":0,"28":0,"29":48,"30":0,"31":59,"32":0,"33":0,"34":1,"35":1,"36":1,"37":0,"38":59,"39":16,"40":0,"41":9,"42":2,"43":8,"44":1,"45":8,"46":4,"47":11,"48":9,"49":0},"b":{"0":[0,140],"1":[132,8],"2":[8,0],"3":[0,0],"4":[8,0],"5":[0,0],"6":[0,0],"7":[8,0],"8":[88,0],"9":[0,0],"10":[0,0],"11":[0,0],"12":[3,61],"13":[64,3],"14":[3,0],"15":[61,0],"16":[2,19],"17":[64,0],"18":[0,0],"19":[0,0],"20":[0,0],"21":[59,0],"22":[0,0],"23":[59,0],"24":[0,0],"25":[0,0],"26":[11,11,8],"27":[9,0],"28":[0,0],"29":[0,0],"30":[0,0]},"meta":{"lastBranch":31,"lastFunction":50,"lastStatement":166,"seen":{"f:7:9:7:22":0,"s:8:2:8:Infinity":0,"f:8:19:8:29":1,"s:8:34:8:56":1,"f:11:9:11:22":2,"s:12:2:12:Infinity":2,"f:12:19:12:33":3,"s:12:42:12:57":3,"f:15:9:15:17":4,"s:16:39:16:41":4,"s:17:2:18:Infinity":5,"s:18:4:18:Infinity":6,"s:20:2:20:Infinity":7,"s:26:29:26:Infinity":8,"s:27:16:27:Infinity":9,"s:31:22:31:Infinity":10,"f:33:16:33:34":5,"s:34:2:34:Infinity":11,"f:37:16:37:44":6,"s:38:2:38:Infinity":12,"f:41:15:41:51":7,"b:42:2:42:Infinity:undefined:undefined:undefined:undefined":0,"s:42:2:42:Infinity":13,"s:42:13:42:Infinity":14,"b:43:2:43:Infinity:undefined:undefined:undefined:undefined":1,"s:43:2:43:Infinity":15,"s:43:17:43:Infinity":16,"s:44:2:44:Infinity":17,"s:45:14:45:Infinity":18,"b:46:2:46:Infinity:undefined:undefined:undefined:undefined":2,"s:46:2:46:Infinity":19,"s:46:12:46:Infinity":20,"s:47:2:52:Infinity":21,"s:48:15:48:Infinity":22,"s:49:17:49:Infinity":23,"b:49:17:49:37:49:37:49:Infinity":3,"s:50:4:50:Infinity":24,"s:51:4:51:Infinity":25,"s:52:12:52:Infinity":26,"s:57:57:57:59":27,"f:59:16:59:30":8,"s:60:2:60:Infinity":28,"f:63:22:63:56":9,"s:64:15:64:30":29,"b:65:2:65:Infinity:undefined:undefined:undefined:undefined":4,"s:65:2:65:Infinity":30,"s:65:13:65:Infinity":31,"s:66:18:66:73":32,"f:66:51:66:55":10,"s:66:60:66:71":33,"s:67:2:69:Infinity":34,"b:68:4:69:Infinity:undefined:undefined:undefined:undefined":5,"s:68:4:69:Infinity":35,"s:69:6:69:Infinity":36,"f:74:22:74:49":11,"s:75:2:81:Infinity":37,"s:76:17:76:32":38,"b:77:4:77:Infinity:undefined:undefined:undefined:undefined":6,"s:77:4:77:Infinity":39,"s:77:15:77:Infinity":40,"s:78:4:78:Infinity":41,"s:79:4:79:Infinity":42,"s:81:4:81:Infinity":43,"f:85:22:85:58":12,"s:86:2:90:Infinity":44,"s:88:16:88:Infinity":45,"b:89:4:89:Infinity:undefined:undefined:undefined:undefined":7,"s:89:4:89:Infinity":46,"s:89:43:89:Infinity":47,"s:91:2:91:Infinity":48,"s:97:17:97:37":49,"f:99:2:99:14":13,"s:99:22:99:42":50,"b:100:4:100:Infinity:undefined:undefined:undefined:undefined":8,"s:100:4:100:Infinity":51,"s:100:19:100:Infinity":52,"f:105:8:105:33":14,"s:106:17:106:32":53,"b:107:4:107:Infinity:undefined:undefined:undefined:undefined":9,"s:107:4:107:Infinity":54,"b:107:8:107:17:107:17:107:34":10,"s:107:34:107:Infinity":55,"s:108:21:108:72":56,"s:109:4:112:Infinity":57,"s:110:21:110:74":58,"s:111:18:111:Infinity":59,"b:112:6:112:Infinity:undefined:undefined:undefined:undefined":11,"s:112:6:112:Infinity":60,"s:112:14:112:Infinity":61,"f:118:2:118:6":15,"b:119:4:125:Infinity:122:11:125:Infinity":12,"s:119:4:125:Infinity":62,"b:119:8:119:41:119:41:119:62":13,"s:120:6:120:Infinity":63,"b:121:6:121:Infinity:undefined:undefined:undefined:undefined":14,"s:121:6:121:Infinity":64,"s:121:26:121:Infinity":65,"s:123:19:123:Infinity":66,"s:124:6:124:Infinity":67,"b:125:6:125:Infinity:undefined:undefined:undefined:undefined":15,"s:125:6:125:Infinity":68,"s:125:26:125:Infinity":69,"f:129:2:129:6":16,"s:129:35:129:Infinity":70,"f:130:2:130:6":17,"s:130:29:130:Infinity":71,"f:131:2:131:9":18,"s:131:32:131:Infinity":72,"f:133:2:133:6":19,"s:134:4:134:Infinity":73,"f:134:35:134:42":20,"s:134:51:134:86":74,"f:137:2:137:7":21,"s:138:4:139:Infinity":75,"b:139:6:139:Infinity:undefined:undefined:undefined:undefined":16,"s:139:6:139:Infinity":76,"s:139:27:139:Infinity":77,"s:141:4:141:Infinity":78,"f:144:2:144:32":22,"s:144:34:144:Infinity":79,"f:145:2:145:17":23,"s:145:19:145:Infinity":80,"f:149:16:149:24":24,"s:150:17:150:32":81,"b:151:4:151:Infinity:undefined:undefined:undefined:undefined":17,"s:151:4:151:Infinity":82,"s:151:15:151:Infinity":83,"s:152:4:164:Infinity":84,"s:153:21:153:75":85,"s:154:19:154:38":86,"s:155:19:155:43":87,"f:155:24:155:28":25,"s:155:33:155:43":88,"s:156:27:156:58":89,"f:156:32:156:37":26,"s:156:46:156:58":90,"s:157:20:157:30":91,"s:158:6:161:Infinity":92,"f:159:169:159:176":27,"s:159:181:159:192":93,"f:159:193:159:198":28,"s:159:207:159:230":94,"s:162:23:162:Infinity":95,"b:163:6:163:Infinity:undefined:undefined:undefined:undefined":18,"s:163:6:163:Infinity":96,"s:163:26:163:Infinity":97,"s:171:26:171:28":98,"f:173:2:173:16":29,"s:173:18:173:Infinity":99,"f:175:8:175:33":30,"s:176:17:176:32":100,"b:177:4:177:Infinity:undefined:undefined:undefined:undefined":19,"s:177:4:177:Infinity":101,"s:177:15:177:Infinity":102,"s:178:21:178:87":103,"s:179:4:182:Infinity":104,"s:180:21:180:74":105,"s:182:6:182:Infinity":106,"f:186:2:186:7":31,"s:187:4:187:Infinity":107,"s:188:4:188:Infinity":108,"f:191:2:191:6":32,"s:192:4:192:Infinity":109,"b:192:22:192:77:192:80:192:Infinity":20,"f:192:34:192:42":33,"s:192:53:192:77":110,"f:195:2:195:9":34,"s:195:54:195:Infinity":111,"f:196:2:196:7":35,"s:196:62:196:Infinity":112,"f:197:2:197:7":36,"s:197:54:197:Infinity":113,"f:198:2:198:8":37,"s:198:37:198:Infinity":114,"f:200:16:200:24":38,"s:201:17:201:32":115,"b:202:4:202:Infinity:undefined:undefined:undefined:undefined":21,"s:202:4:202:Infinity":116,"s:202:15:202:Infinity":117,"s:203:4:212:Infinity":118,"s:204:118:204:Infinity":119,"s:205:20:205:30":120,"s:206:6:209:Infinity":121,"b:208:23:208:37:208:37:208:43":22,"b:208:112:208:124:208:124:208:126":23,"s:210:23:210:Infinity":122,"b:211:6:211:Infinity:undefined:undefined:undefined:undefined":24,"s:211:6:211:Infinity":123,"s:211:26:211:Infinity":124,"s:219:20:219:22":125,"s:220:19:220:21":126,"f:222:2:222:16":39,"s:222:18:222:Infinity":127,"f:224:8:224:33":40,"s:225:17:225:32":128,"b:226:4:226:Infinity:undefined:undefined:undefined:undefined":25,"s:226:4:226:Infinity":129,"s:226:15:226:Infinity":130,"s:227:17:227:86":131,"s:228:4:231:Infinity":132,"s:229:21:229:74":133,"s:231:6:231:Infinity":134,"s:233:17:233:85":135,"s:234:4:236:Infinity":136,"s:235:21:235:74":137,"s:236:6:236:Infinity":138,"f:240:2:240:13":41,"s:241:4:241:Infinity":139,"s:242:4:242:Infinity":140,"s:243:4:243:Infinity":141,"f:246:2:246:13":42,"s:246:44:246:Infinity":142,"f:246:65:246:70":43,"s:246:75:246:87":143,"f:247:2:247:13":44,"s:247:41:247:Infinity":144,"f:247:61:247:68":45,"s:247:73:247:99":145,"f:249:2:249:15":46,"s:250:4:250:Infinity":146,"f:250:25:250:32":47,"s:250:37:250:109":147,"b:250:37:250:65:250:65:250:80:250:80:250:109":26,"f:253:16:253:31":48,"s:254:17:254:32":148,"b:255:4:255:Infinity:undefined:undefined:undefined:undefined":27,"s:255:4:255:Infinity":149,"s:255:15:255:Infinity":150,"s:256:4:273:Infinity":151,"s:257:20:257:30":152,"s:258:6:261:Infinity":153,"s:262:30:262:Infinity":154,"b:263:6:263:Infinity:undefined:undefined:undefined:undefined":28,"s:263:6:263:Infinity":155,"s:263:33:263:Infinity":156,"s:264:6:271:Infinity":157,"s:265:27:265:37":158,"s:266:8:269:Infinity":159,"s:270:30:270:Infinity":160,"b:271:8:271:Infinity:undefined:undefined:undefined:undefined":29,"s:271:8:271:Infinity":161,"s:271:33:271:Infinity":162,"f:278:22:278:53":49,"b:279:2:279:Infinity:undefined:undefined:undefined:undefined":30,"s:279:2:279:Infinity":163,"s:279:15:279:34":164,"s:279:34:279:Infinity":165}}}
,"/root/entertainment-exchange/apps/api/src/services/token-store.ts": {"path":"/root/entertainment-exchange/apps/api/src/services/token-store.ts","statementMap":{"0":{"start":{"line":11,"column":14},"end":{"line":11,"column":60}},"1":{"start":{"line":12,"column":25},"end":{"line":12,"column":55}},"2":{"start":{"line":20,"column":30},"end":{"line":20,"column":null}},"3":{"start":{"line":21,"column":2},"end":{"line":21,"column":null}},"4":{"start":{"line":22,"column":2},"end":{"line":22,"column":null}},"5":{"start":{"line":27,"column":17},"end":{"line":27,"column":44}},"6":{"start":{"line":28,"column":17},"end":{"line":28,"column":43}},"7":{"start":{"line":29,"column":2},"end":{"line":29,"column":null}},"8":{"start":{"line":29,"column":15},"end":{"line":29,"column":null}},"9":{"start":{"line":30,"column":2},"end":{"line":33,"column":null}},"10":{"start":{"line":31,"column":4},"end":{"line":31,"column":null}},"11":{"start":{"line":32,"column":4},"end":{"line":32,"column":null}},"12":{"start":{"line":33,"column":4},"end":{"line":33,"column":null}},"13":{"start":{"line":36,"column":2},"end":{"line":36,"column":null}},"14":{"start":{"line":37,"column":2},"end":{"line":37,"column":null}},"15":{"start":{"line":38,"column":2},"end":{"line":38,"column":null}},"16":{"start":{"line":42,"column":14},"end":{"line":42,"column":24}},"17":{"start":{"line":43,"column":16},"end":{"line":43,"column":null}},"18":{"start":{"line":44,"column":2},"end":{"line":48,"column":null}},"19":{"start":{"line":45,"column":4},"end":{"line":48,"column":null}},"20":{"start":{"line":46,"column":6},"end":{"line":46,"column":null}},"21":{"start":{"line":47,"column":6},"end":{"line":47,"column":null}},"22":{"start":{"line":48,"column":6},"end":{"line":48,"column":null}},"23":{"start":{"line":52,"column":2},"end":{"line":55,"column":null}},"24":{"start":{"line":53,"column":4},"end":{"line":55,"column":null}},"25":{"start":{"line":54,"column":6},"end":{"line":54,"column":null}},"26":{"start":{"line":55,"column":6},"end":{"line":55,"column":null}},"27":{"start":{"line":58,"column":2},"end":{"line":58,"column":null}}},"fnMap":{"0":{"name":"storeRefreshToken","decl":{"start":{"line":14,"column":16},"end":{"line":14,"column":null}},"loc":{"start":{"line":19,"column":8},"end":{"line":22,"column":null}},"line":19},"1":{"name":"consumeRefreshToken","decl":{"start":{"line":25,"column":16},"end":{"line":25,"column":36}},"loc":{"start":{"line":25,"column":76},"end":{"line":38,"column":null}},"line":25},"2":{"name":"cleanupExpiredTokens","decl":{"start":{"line":41,"column":22},"end":{"line":41,"column":62}},"loc":{"start":{"line":41,"column":62},"end":{"line":58,"column":null}},"line":41}},"branchMap":{"0":{"loc":{"start":{"line":28,"column":17},"end":{"line":28,"column":43}},"type":"binary-expr","locations":[{"start":{"line":28,"column":17},"end":{"line":28,"column":27}},{"start":{"line":28,"column":27},"end":{"line":28,"column":43}}],"line":28},"1":{"loc":{"start":{"line":29,"column":2},"end":{"line":29,"column":null}},"type":"if","locations":[{"start":{"line":29,"column":2},"end":{"line":29,"column":null}},{"start":{},"end":{}}],"line":29},"2":{"loc":{"start":{"line":30,"column":2},"end":{"line":33,"column":null}},"type":"if","locations":[{"start":{"line":30,"column":2},"end":{"line":33,"column":null}},{"start":{},"end":{}}],"line":30},"3":{"loc":{"start":{"line":45,"column":4},"end":{"line":48,"column":null}},"type":"if","locations":[{"start":{"line":45,"column":4},"end":{"line":48,"column":null}},{"start":{},"end":{}}],"line":45},"4":{"loc":{"start":{"line":53,"column":4},"end":{"line":55,"column":null}},"type":"if","locations":[{"start":{"line":53,"column":4},"end":{"line":55,"column":null}},{"start":{},"end":{}}],"line":53}},"s":{"0":8,"1":8,"2":1,"3":1,"4":1,"5":0,"6":0,"7":0,"8":0,"9":0,"10":0,"11":0,"12":0,"13":0,"14":0,"15":0,"16":0,"17":0,"18":0,"19":0,"20":0,"21":0,"22":0,"23":0,"24":0,"25":0,"26":0,"27":0},"f":{"0":1,"1":0,"2":0},"b":{"0":[0,0],"1":[0,0],"2":[0,0],"3":[0,0],"4":[0,0]},"meta":{"lastBranch":5,"lastFunction":3,"lastStatement":28,"seen":{"s:11:14:11:60":0,"s:12:25:12:55":1,"f:14:16:14:Infinity":0,"s:20:30:20:Infinity":2,"s:21:2:21:Infinity":3,"s:22:2:22:Infinity":4,"f:25:16:25:36":1,"s:27:17:27:44":5,"s:28:17:28:43":6,"b:28:17:28:27:28:27:28:43":0,"b:29:2:29:Infinity:undefined:undefined:undefined:undefined":1,"s:29:2:29:Infinity":7,"s:29:15:29:Infinity":8,"b:30:2:33:Infinity:undefined:undefined:undefined:undefined":2,"s:30:2:33:Infinity":9,"s:31:4:31:Infinity":10,"s:32:4:32:Infinity":11,"s:33:4:33:Infinity":12,"s:36:2:36:Infinity":13,"s:37:2:37:Infinity":14,"s:38:2:38:Infinity":15,"f:41:22:41:62":2,"s:42:14:42:24":16,"s:43:16:43:Infinity":17,"s:44:2:48:Infinity":18,"b:45:4:48:Infinity:undefined:undefined:undefined:undefined":3,"s:45:4:48:Infinity":19,"s:46:6:46:Infinity":20,"s:47:6:47:Infinity":21,"s:48:6:48:Infinity":22,"s:52:2:55:Infinity":23,"b:53:4:55:Infinity:undefined:undefined:undefined:undefined":4,"s:53:4:55:Infinity":24,"s:54:6:54:Infinity":25,"s:55:6:55:Infinity":26,"s:58:2:58:Infinity":27}}}
}
